#
# A fatal error has been detected by the Java Runtime Environment:
#
#  EXCEPTION_ACCESS_VIOLATION (0xc0000005) at pc=0x00007ff808afe0a9, pid=11868, tid=14564
#
# JRE version: OpenJDK Runtime Environment Microsoft-8035246 (17.0.8+7) (build 17.0.8+7-LTS)
# Java VM: OpenJDK 64-Bit Server VM Microsoft-8035246 (17.0.8+7-LTS, mixed mode, sharing, tiered, compressed oops, compressed class ptrs, g1 gc, windows-amd64)
# Problematic frame:
# V  [jvm.dll+0x2be0a9]
#
# No core dump will be written. Minidumps are not enabled by default on client versions of Windows
#
# If you would like to submit a bug report, please visit:
#   https://github.com/microsoft/openjdk/issues
#

---------------  S U M M A R Y ------------

Command Line: -XX:MaxMetaspaceSize=512m --add-opens=java.base/java.util=ALL-UNNAMED --add-opens=java.base/java.lang=ALL-UNNAMED --add-opens=java.base/java.lang.invoke=ALL-UNNAMED --add-opens=java.prefs/java.util.prefs=ALL-UNNAMED --add-opens=java.base/java.nio.charset=ALL-UNNAMED --add-opens=java.base/java.net=ALL-UNNAMED --add-opens=java.base/java.util.concurrent.atomic=ALL-UNNAMED -Xmx2048m -Dfile.encoding=windows-1252 -Duser.country=IN -Duser.language=en -Duser.variant -javaagent:C:\Users\nayan\.gradle\wrapper\dists\gradle-8.3-all\6en3ugtfdg5xnpx44z4qbwgas\gradle-8.3\lib\agents\gradle-instrumentation-agent-8.3.jar org.gradle.launcher.daemon.bootstrap.GradleDaemon 8.3

Host: 12th Gen Intel(R) Core(TM) i5-1240P, 16 cores, 15G,  Windows 11 , 64 bit Build 22621 (10.0.22621.3235)
Time: Tue Mar  5 11:14:38 2024 India Standard Time elapsed time: 3415.233640 seconds (0d 0h 56m 55s)

---------------  T H R E A D  ---------------

Current thread (0x00000219ad5781b0):  JavaThread "C2 CompilerThread3" daemon [_thread_in_native, id=14564, stack(0x0000008e9fb00000,0x0000008e9fc00000)]


Current CompileTask:
C2:3415233 20320   !   4       org.gradle.cache.internal.DefaultMultiProcessSafeIndexedCache::getIfPresent (25 bytes)

Stack: [0x0000008e9fb00000,0x0000008e9fc00000],  sp=0x0000008e9fbfb680,  free space=1005k
Native frames: (J=compiled Java code, j=interpreted, Vv=VM code, C=native code)
V  [jvm.dll+0x2be0a9]
V  [jvm.dll+0x21ba8b]
V  [jvm.dll+0x21944b]
V  [jvm.dll+0x1a56b6]
V  [jvm.dll+0x2291ea]
V  [jvm.dll+0x22724c]
V  [jvm.dll+0x7efd0c]
V  [jvm.dll+0x7ea13a]
V  [jvm.dll+0x67ad85]
C  [ucrtbase.dll+0x29363]
C  [KERNEL32.DLL+0x1257d]
C  [ntdll.dll+0x5aa58]


siginfo: EXCEPTION_ACCESS_VIOLATION (0xc0000005), reading address 0x0000000000000028


Register to memory mapping:

RIP=0x00007ff808afe0a9 jvm.dll
RAX=0x00000219b4d61ee0 points into unknown readable memory: 0x0000000000000000 | 00 00 00 00 00 00 00 00
RBX=0x0000000000001289 is an unknown value
RCX=0x0 is NULL
RDX=0x0 is NULL
RSP=0x0000008e9fbfb680 is pointing into the stack for thread: 0x00000219ad5781b0
RBP=0x0000008e9fbfb6f0 is pointing into the stack for thread: 0x00000219ad5781b0
RSI=0x0 is NULL
RDI=0x0000000000000042 is an unknown value
R8 =0x000000000000ffe0 is an unknown value
R9 =0x0 is NULL
R10=0x00007ff81c4f0000 VCRUNTIME140.dll
R11=0x00000219b4d61f00 points into unknown readable memory: 0x0000000000000000 | 00 00 00 00 00 00 00 00
R12=0x0000000000000050 is an unknown value
R13=0x0 is NULL
R14=0x0 is NULL
R15=0x0000008e9fbfe8a0 is pointing into the stack for thread: 0x00000219ad5781b0


Registers:
RAX=0x00000219b4d61ee0, RBX=0x0000000000001289, RCX=0x0000000000000000, RDX=0x0000000000000000
RSP=0x0000008e9fbfb680, RBP=0x0000008e9fbfb6f0, RSI=0x0000000000000000, RDI=0x0000000000000042
R8 =0x000000000000ffe0, R9 =0x0000000000000000, R10=0x00007ff81c4f0000, R11=0x00000219b4d61f00
R12=0x0000000000000050, R13=0x0000000000000000, R14=0x0000000000000000, R15=0x0000008e9fbfe8a0
RIP=0x00007ff808afe0a9, EFLAGS=0x0000000000010202

Top of Stack: (sp=0x0000008e9fbfb680)
0x0000008e9fbfb680:   0000000000001289 0000000000000000
0x0000008e9fbfb690:   0000008e9fbfe8a0 00007ff808a638d1
0x0000008e9fbfb6a0:   00000219b3814760 00007ff800002000
0x0000008e9fbfb6b0:   00000219b4d61ee0 0000021900000000
0x0000008e9fbfb6c0:   0000000000000002 00000219ae1b6a70
0x0000008e9fbfb6d0:   0000000700000002 00000219b3814760
0x0000008e9fbfb6e0:   0000000000000000 0000000000000000
0x0000008e9fbfb6f0:   00000219ae10ed00 00000219e93db030
0x0000008e9fbfb700:   0000000000000042 00007ff809184c08
0x0000008e9fbfb710:   0000008e9fbfb820 00007ff808a5ba8b
0x0000008e9fbfb720:   0000008e9fbfe8a0 00007ff809184c08
0x0000008e9fbfb730:   0000008e9fbfe8a0 0000008e9fbfb820
0x0000008e9fbfb740:   0000021900000000 00000219b77bf4c0
0x0000008e9fbfb750:   0000008e0000000f 0000008e9fbfe8a0
0x0000008e9fbfb760:   0000008e9fbfb8d0 0000008e00000000
0x0000008e9fbfb770:   0000008e00000100 00007ff809184c08 

Instructions: (pc=0x00007ff808afe0a9)
0x00007ff808afdfa9:   3b d0 75 0b ff c1 41 3b c9 7c dc 48 8b c2 c3 33
0x00007ff808afdfb9:   c0 c3 cc cc cc cc cc 48 89 5c 24 18 55 56 57 41
0x00007ff808afdfc9:   55 41 57 48 8b ec 48 83 ec 70 65 48 8b 04 25 58
0x00007ff808afdfd9:   00 00 00 48 8b f2 44 8b 05 d2 8b 90 00 4c 8b f9
0x00007ff808afdfe9:   4a 8b 1c c0 b8 50 00 00 00 80 3c 18 00 75 05 e8
0x00007ff808afdff9:   8b 6f 5d 00 b8 20 00 00 00 48 8b 04 18 48 8b 98
0x00007ff808afe009:   38 02 00 00 48 89 5d b0 c7 45 b8 04 00 00 00 48
0x00007ff808afe019:   8b 43 18 48 83 f8 df 76 18 4c 8d 05 37 a9 65 00
0x00007ff808afe029:   ba 20 00 00 00 48 8b cb e8 5a eb de ff 48 8b 43
0x00007ff808afe039:   18 48 8d 48 20 48 3b 4b 20 76 11 45 33 c0 48 8b
0x00007ff808afe049:   cb 41 8d 50 20 e8 fd e8 de ff eb 04 48 89 4b 18
0x00007ff808afe059:   44 8b 45 b8 33 d2 49 c1 e0 03 48 8b c8 48 89 45
0x00007ff808afe069:   c0 e8 e3 80 5d 00 45 33 ed 48 8d 4d d0 44 89 6d
0x00007ff808afe079:   c8 e8 01 59 56 00 41 8b 9f 40 02 00 00 41 2b 9f
0x00007ff808afe089:   68 02 00 00 44 89 6d f0 3b 5d b8 72 0b 8b d3 48
0x00007ff808afe099:   8d 4d b0 e8 6f b3 39 00 48 8b 45 c0 4c 89 2c d8
0x00007ff808afe0a9:   8b 7e 28 8b df c1 eb 05 3b 5d d0 72 0b 8b d3 48
0x00007ff808afe0b9:   8d 4d d0 e8 1f 59 56 00 48 8b 45 d8 83 e7 1f 48
0x00007ff808afe0c9:   8d 14 98 40 0f b6 cf 41 b8 01 00 00 00 41 d3 e0
0x00007ff808afe0d9:   8b 0a 8b c1 41 0b c0 89 02 41 85 c8 75 21 8b 5d
0x00007ff808afe0e9:   c8 8d 43 01 89 45 c8 3b 5d b8 72 0b 8b d3 48 8d
0x00007ff808afe0f9:   4d b0 e8 10 b3 39 00 48 8b 45 c0 48 89 34 d8 44
0x00007ff808afe109:   39 6d c8 0f 86 77 01 00 00 4c 89 a4 24 a0 00 00
0x00007ff808afe119:   00 4c 89 b4 24 a8 00 00 00 48 8b 45 c0 41 8b cd
0x00007ff808afe129:   48 8b 34 c8 8b 46 2c 25 ff 1f 00 00 3d 04 10 00
0x00007ff808afe139:   00 0f 85 a7 00 00 00 bb 01 00 00 00 39 5e 18 76
0x00007ff808afe149:   39 66 0f 1f 44 00 00 48 8b 46 08 8b cb 48 8b 14
0x00007ff808afe159:   c8 48 85 d2 74 1d 48 83 7a 10 00 74 16 80 7a 2c
0x00007ff808afe169:   84 74 10 e8 7f 7e ee ff 48 8b d0 49 8b cf e8 a4
0x00007ff808afe179:   61 f6 ff ff c3 3b 5e 18 72 cd 48 8b 5e 10 8b 46
0x00007ff808afe189:   20 4c 8d 34 c3 49 3b de 73 54 48 8b 3b 8b 47 2c
0x00007ff808afe199:   83 e0 03 3c 03 75 2e 48 8b 07 48 8b cf ff 90 88 


Stack slot to memory mapping:
stack at sp + 0 slots: 0x0000000000001289 is an unknown value
stack at sp + 1 slots: 0x0 is NULL
stack at sp + 2 slots: 0x0000008e9fbfe8a0 is pointing into the stack for thread: 0x00000219ad5781b0
stack at sp + 3 slots: 0x00007ff808a638d1 jvm.dll
stack at sp + 4 slots: 0x00000219b3814760 points into unknown readable memory: 0xe5efa7b500000006 | 06 00 00 00 b5 a7 ef e5
stack at sp + 5 slots: 0x00007ff800002000 is an unknown value
stack at sp + 6 slots: 0x00000219b4d61ee0 points into unknown readable memory: 0x0000000000000000 | 00 00 00 00 00 00 00 00
stack at sp + 7 slots: 0x0000021900000000 is an unknown value


---------------  P R O C E S S  ---------------

Threads class SMR info:
_java_thread_list=0x00000219b50d6560, length=82, elements={
0x00000219e93c14b0, 0x00000219884b52b0, 0x00000219884b6130, 0x00000219884c7b70,
0x00000219884c8640, 0x00000219884c9200, 0x00000219884d10e0, 0x00000219884d3e90,
0x00000219884de960, 0x0000021988509070, 0x00000219885f9c20, 0x00000219885f9710,
0x00000219885fab50, 0x00000219885fbf90, 0x00000219885fa130, 0x00000219aa5e83d0,
0x00000219aa5ea230, 0x00000219aa5ea740, 0x00000219aa5e9300, 0x00000219aa5e6a80,
0x00000219aa5e9810, 0x00000219aa5e8df0, 0x00000219aa5ec090, 0x00000219ac011ed0,
0x00000219ac010a90, 0x00000219ac0128f0, 0x00000219ac013820, 0x00000219ac010fa0,
0x00000219ac012e00, 0x00000219aa490660, 0x00000219aa493900, 0x00000219aa48e800,
0x00000219aa491590, 0x00000219aa48dde0, 0x00000219aa48ceb0, 0x00000219aa490b70,
0x00000219aa48e2f0, 0x00000219aa4d3760, 0x00000219aa4d5ad0, 0x00000219aa4d55c0,
0x00000219aa5e4c20, 0x00000219b8d746f0, 0x00000219b8d74c00, 0x00000219b8d73cd0,
0x00000219b47073b0, 0x00000219b4706ea0, 0x00000219b4705a60, 0x00000219b4704110,
0x00000219b47078c0, 0x00000219b4707dd0, 0x00000219b4704620, 0x00000219b47082e0,
0x00000219b4703c00, 0x00000219b4708d00, 0x00000219b47087f0, 0x00000219ad575c80,
0x00000219ad577710, 0x00000219b4704b30, 0x00000219b4705f70, 0x00000219ad57b180,
0x00000219b4709720, 0x00000219b4709210, 0x00000219ad579c40, 0x00000219ad5761d0,
0x00000219b4709c30, 0x00000219b4706990, 0x00000219b470a140, 0x00000219b4702cd0,
0x00000219b470a650, 0x00000219b4705550, 0x00000219b47031e0, 0x00000219b470ab60,
0x00000219b47036f0, 0x00000219b470ed30, 0x00000219b470ced0, 0x00000219b470e310,
0x00000219b470d3e0, 0x00000219b470b070, 0x00000219b470b580, 0x00000219ad5781b0,
0x00000219ad57c6c0, 0x00000219ad5791a0
}

Java Threads: ( => current thread )
  0x00000219e93c14b0 JavaThread "main" [_thread_blocked, id=19544, stack(0x0000008e99f00000,0x0000008e9a000000)]
  0x00000219884b52b0 JavaThread "Reference Handler" daemon [_thread_blocked, id=19528, stack(0x0000008e9a600000,0x0000008e9a700000)]
  0x00000219884b6130 JavaThread "Finalizer" daemon [_thread_blocked, id=18588, stack(0x0000008e9a700000,0x0000008e9a800000)]
  0x00000219884c7b70 JavaThread "Signal Dispatcher" daemon [_thread_blocked, id=9088, stack(0x0000008e9a800000,0x0000008e9a900000)]
  0x00000219884c8640 JavaThread "Attach Listener" daemon [_thread_blocked, id=15436, stack(0x0000008e9a900000,0x0000008e9aa00000)]
  0x00000219884c9200 JavaThread "Service Thread" daemon [_thread_blocked, id=19584, stack(0x0000008e9aa00000,0x0000008e9ab00000)]
  0x00000219884d10e0 JavaThread "Monitor Deflation Thread" daemon [_thread_blocked, id=13508, stack(0x0000008e9ab00000,0x0000008e9ac00000)]
  0x00000219884d3e90 JavaThread "C2 CompilerThread0" daemon [_thread_blocked, id=9020, stack(0x0000008e9ac00000,0x0000008e9ad00000)]
  0x00000219884de960 JavaThread "C1 CompilerThread0" daemon [_thread_blocked, id=14620, stack(0x0000008e9ad00000,0x0000008e9ae00000)]
  0x0000021988509070 JavaThread "Sweeper thread" daemon [_thread_blocked, id=6564, stack(0x0000008e9ae00000,0x0000008e9af00000)]
  0x00000219885f9c20 JavaThread "Common-Cleaner" daemon [_thread_blocked, id=18780, stack(0x0000008e9af00000,0x0000008e9b000000)]
  0x00000219885f9710 JavaThread "Notification Thread" daemon [_thread_blocked, id=13788, stack(0x0000008e9b400000,0x0000008e9b500000)]
  0x00000219885fab50 JavaThread "Daemon health stats" [_thread_blocked, id=11132, stack(0x0000008e9bc00000,0x0000008e9bd00000)]
  0x00000219885fbf90 JavaThread "Incoming local TCP Connector on port 49766" [_thread_in_native, id=21196, stack(0x0000008e9bd00000,0x0000008e9be00000)]
  0x00000219885fa130 JavaThread "Daemon periodic checks" [_thread_blocked, id=15928, stack(0x0000008e9be00000,0x0000008e9bf00000)]
  0x00000219aa5e83d0 JavaThread "Cache worker for journal cache (C:\Users\nayan\.gradle\caches\journal-1)" [_thread_blocked, id=11236, stack(0x0000008e9b600000,0x0000008e9b700000)]
  0x00000219aa5ea230 JavaThread "File lock request listener" [_thread_in_native, id=12648, stack(0x0000008e9c600000,0x0000008e9c700000)]
  0x00000219aa5ea740 JavaThread "Cache worker for file hash cache (C:\Users\nayan\.gradle\caches\8.3\fileHashes)" [_thread_blocked, id=15716, stack(0x0000008e9c700000,0x0000008e9c800000)]
  0x00000219aa5e9300 JavaThread "File watcher server" daemon [_thread_in_native, id=3040, stack(0x0000008e9c800000,0x0000008e9c900000)]
  0x00000219aa5e6a80 JavaThread "File watcher consumer" daemon [_thread_blocked, id=14592, stack(0x0000008e9c900000,0x0000008e9ca00000)]
  0x00000219aa5e9810 JavaThread "Cache worker for file content cache (C:\Users\nayan\.gradle\caches\8.3\fileContent)" [_thread_blocked, id=14636, stack(0x0000008e9cd00000,0x0000008e9ce00000)]
  0x00000219aa5e8df0 JavaThread "Cache worker for execution history cache (C:\Users\nayan\.gradle\caches\8.3\executionHistory)" [_thread_blocked, id=12068, stack(0x0000008e9d800000,0x0000008e9d900000)]
  0x00000219aa5ec090 JavaThread "jar transforms" [_thread_blocked, id=17436, stack(0x0000008e9da00000,0x0000008e9db00000)]
  0x00000219ac011ed0 JavaThread "jar transforms Thread 2" [_thread_blocked, id=21260, stack(0x0000008e9db00000,0x0000008e9dc00000)]
  0x00000219ac010a90 JavaThread "jar transforms Thread 3" [_thread_blocked, id=14864, stack(0x0000008e9dd00000,0x0000008e9de00000)]
  0x00000219ac0128f0 JavaThread "jar transforms Thread 4" [_thread_blocked, id=15112, stack(0x0000008e9de00000,0x0000008e9df00000)]
  0x00000219ac013820 JavaThread "Cache worker for kotlin-dsl (C:\Users\nayan\.gradle\caches\8.3\kotlin-dsl)" [_thread_blocked, id=10076, stack(0x0000008e9dc00000,0x0000008e9dd00000)]
  0x00000219ac010fa0 JavaThread "jar transforms Thread 5" [_thread_blocked, id=16768, stack(0x0000008e9df00000,0x0000008e9e000000)]
  0x00000219ac012e00 JavaThread "jar transforms Thread 6" [_thread_blocked, id=3884, stack(0x0000008e9e000000,0x0000008e9e100000)]
  0x00000219aa490660 JavaThread "jar transforms Thread 7" [_thread_blocked, id=6328, stack(0x0000008e9e300000,0x0000008e9e400000)]
  0x00000219aa493900 JavaThread "jar transforms Thread 8" [_thread_blocked, id=11292, stack(0x0000008e9e400000,0x0000008e9e500000)]
  0x00000219aa48e800 JavaThread "jar transforms Thread 9" [_thread_blocked, id=18280, stack(0x0000008e9e500000,0x0000008e9e600000)]
  0x00000219aa491590 JavaThread "jar transforms Thread 10" [_thread_blocked, id=9892, stack(0x0000008e9e600000,0x0000008e9e700000)]
  0x00000219aa48dde0 JavaThread "jar transforms Thread 11" [_thread_blocked, id=14408, stack(0x0000008e9e700000,0x0000008e9e800000)]
  0x00000219aa48ceb0 JavaThread "jar transforms Thread 12" [_thread_blocked, id=10100, stack(0x0000008e9e800000,0x0000008e9e900000)]
  0x00000219aa490b70 JavaThread "jar transforms Thread 13" [_thread_blocked, id=8812, stack(0x0000008e9eb00000,0x0000008e9ec00000)]
  0x00000219aa48e2f0 JavaThread "jar transforms Thread 14" [_thread_blocked, id=17580, stack(0x0000008e9ec00000,0x0000008e9ed00000)]
  0x00000219aa4d3760 JavaThread "jar transforms Thread 15" [_thread_blocked, id=19252, stack(0x0000008e9fc00000,0x0000008e9fd00000)]
  0x00000219aa4d5ad0 JavaThread "jar transforms Thread 16" [_thread_blocked, id=10856, stack(0x0000008e9fd00000,0x0000008e9fe00000)]
  0x00000219aa4d55c0 JavaThread "Memory manager" [_thread_blocked, id=11000, stack(0x0000008e9fe00000,0x0000008e9ff00000)]
  0x00000219aa5e4c20 JavaThread "pool-3-thread-1" [_thread_blocked, id=1140, stack(0x0000008ea7f00000,0x0000008ea8000000)]
  0x00000219b8d746f0 JavaThread "Monitor" [_thread_in_native, id=20716, stack(0x0000008eab600000,0x0000008eab700000)]
  0x00000219b8d74c00 JavaThread "JdwpProxyConnection" [_thread_in_native, id=20088, stack(0x0000008eab700000,0x0000008eab800000)]
  0x00000219b8d73cd0 JavaThread "Device List Monitor" [_thread_in_native, id=3164, stack(0x0000008eab800000,0x0000008eab900000)]
  0x00000219b47073b0 JavaThread "Daemon Thread 2" [_thread_blocked, id=12960, stack(0x0000008e99d00000,0x0000008e99e00000)]
  0x00000219b4706ea0 JavaThread "Handler for socket connection from /127.0.0.1:49766 to /127.0.0.1:51082" [_thread_in_native, id=2652, stack(0x0000008e99e00000,0x0000008e99f00000)]
  0x00000219b4705a60 JavaThread "Cancel handler" [_thread_blocked, id=424, stack(0x0000008e9b000000,0x0000008e9b100000)]
  0x00000219b4704110 JavaThread "Daemon worker Thread 2" [_thread_in_Java, id=11056, stack(0x0000008e9b100000,0x0000008e9b200000)]
  0x00000219b47078c0 JavaThread "Asynchronous log dispatcher for DefaultDaemonConnection: socket connection from /127.0.0.1:49766 to /127.0.0.1:51082" [_thread_blocked, id=15804, stack(0x0000008e9b200000,0x0000008e9b300000)]
  0x00000219b4707dd0 JavaThread "Stdin handler" [_thread_blocked, id=17208, stack(0x0000008e9b300000,0x0000008e9b400000)]
  0x00000219b4704620 JavaThread "Daemon client event forwarder" [_thread_blocked, id=1868, stack(0x0000008e9bf00000,0x0000008e9c000000)]
  0x00000219b47082e0 JavaThread "Cache worker for checksums cache (C:\Users\nayan\OneDrive\Desktop\Soulside\android\.gradle\8.3\checksums)" [_thread_blocked, id=10016, stack(0x0000008e9c000000,0x0000008e9c100000)]
  0x00000219b4703c00 JavaThread "Cache worker for file hash cache (C:\Users\nayan\OneDrive\Desktop\Soulside\android\.gradle\8.3\fileHashes)" [_thread_blocked, id=13644, stack(0x0000008e9c100000,0x0000008e9c200000)]
  0x00000219b4708d00 JavaThread "Cache worker for cache directory md-supplier (C:\Users\nayan\.gradle\caches\8.3\md-supplier)" [_thread_blocked, id=2120, stack(0x0000008e9c200000,0x0000008e9c300000)]
  0x00000219b47087f0 JavaThread "Cache worker for cache directory md-rule (C:\Users\nayan\.gradle\caches\8.3\md-rule)" [_thread_blocked, id=11932, stack(0x0000008e9c300000,0x0000008e9c400000)]
  0x00000219ad575c80 JavaThread "C1 CompilerThread1" daemon [_thread_blocked, id=16920, stack(0x0000008e9c400000,0x0000008e9c500000)]
  0x00000219ad577710 JavaThread "C1 CompilerThread2" daemon [_thread_blocked, id=8304, stack(0x0000008e9c500000,0x0000008e9c600000)]
  0x00000219b4704b30 JavaThread "Unconstrained build operations" [_thread_blocked, id=15540, stack(0x0000008e9ca00000,0x0000008e9cb00000)]
  0x00000219b4705f70 JavaThread "Unconstrained build operations Thread 2" [_thread_blocked, id=14436, stack(0x0000008e9cc00000,0x0000008e9cd00000)]
  0x00000219ad57b180 JavaThread "C2 CompilerThread1" daemon [_thread_blocked, id=21200, stack(0x0000008e9d700000,0x0000008e9d800000)]
  0x00000219b4709720 JavaThread "Cache worker for dependencies-accessors (C:\Users\nayan\OneDrive\Desktop\Soulside\android\.gradle\8.3\dependencies-accessors)" [_thread_blocked, id=11624, stack(0x0000008e9d900000,0x0000008e9da00000)]
  0x00000219b4709210 JavaThread "Cache worker for Build Output Cleanup Cache (C:\Users\nayan\OneDrive\Desktop\Soulside\node_modules\@react-native\gradle-plugin\.gradle\buildOutputCleanup)" [_thread_blocked, id=10800, stack(0x0000008e9e100000,0x0000008e9e200000)]
  0x00000219ad579c40 JavaThread "C1 CompilerThread3" daemon [_thread_blocked, id=2892, stack(0x0000008e9e200000,0x0000008e9e300000)]
  0x00000219ad5761d0 JavaThread "C2 CompilerThread2" daemon [_thread_in_native, id=14804, stack(0x0000008e9e900000,0x0000008e9ea00000)]
  0x00000219b4709c30 JavaThread "Unconstrained build operations Thread 3" [_thread_blocked, id=15452, stack(0x0000008e9ea00000,0x0000008e9eb00000)]
  0x00000219b4706990 JavaThread "Unconstrained build operations Thread 4" [_thread_blocked, id=10212, stack(0x0000008e9ed00000,0x0000008e9ee00000)]
  0x00000219b470a140 JavaThread "Unconstrained build operations Thread 5" [_thread_blocked, id=4676, stack(0x0000008e9ee00000,0x0000008e9ef00000)]
  0x00000219b4702cd0 JavaThread "Unconstrained build operations Thread 6" [_thread_blocked, id=16648, stack(0x0000008e9ef00000,0x0000008e9f000000)]
  0x00000219b470a650 JavaThread "Unconstrained build operations Thread 7" [_thread_blocked, id=8096, stack(0x0000008e9f000000,0x0000008e9f100000)]
  0x00000219b4705550 JavaThread "Unconstrained build operations Thread 8" [_thread_blocked, id=14520, stack(0x0000008e9f100000,0x0000008e9f200000)]
  0x00000219b47031e0 JavaThread "Unconstrained build operations Thread 9" [_thread_blocked, id=11124, stack(0x0000008e9f200000,0x0000008e9f300000)]
  0x00000219b470ab60 JavaThread "Unconstrained build operations Thread 10" [_thread_blocked, id=7852, stack(0x0000008e9f300000,0x0000008e9f400000)]
  0x00000219b47036f0 JavaThread "Unconstrained build operations Thread 11" [_thread_blocked, id=2960, stack(0x0000008e9f400000,0x0000008e9f500000)]
  0x00000219b470ed30 JavaThread "Unconstrained build operations Thread 12" [_thread_blocked, id=20980, stack(0x0000008e9f500000,0x0000008e9f600000)]
  0x00000219b470ced0 JavaThread "Unconstrained build operations Thread 13" [_thread_blocked, id=20944, stack(0x0000008e9f600000,0x0000008e9f700000)]
  0x00000219b470e310 JavaThread "Unconstrained build operations Thread 14" [_thread_blocked, id=9784, stack(0x0000008e9f700000,0x0000008e9f800000)]
  0x00000219b470d3e0 JavaThread "Unconstrained build operations Thread 15" [_thread_blocked, id=4968, stack(0x0000008e9f800000,0x0000008e9f900000)]
  0x00000219b470b070 JavaThread "Unconstrained build operations Thread 16" [_thread_blocked, id=15276, stack(0x0000008e9f900000,0x0000008e9fa00000)]
  0x00000219b470b580 JavaThread "Unconstrained build operations Thread 17" [_thread_blocked, id=1116, stack(0x0000008e9fa00000,0x0000008e9fb00000)]
=>0x00000219ad5781b0 JavaThread "C2 CompilerThread3" daemon [_thread_in_native, id=14564, stack(0x0000008e9fb00000,0x0000008e9fc00000)]
  0x00000219ad57c6c0 JavaThread "C2 CompilerThread4" daemon [_thread_blocked, id=16324, stack(0x0000008e9ff00000,0x0000008ea0000000)]
  0x00000219ad5791a0 JavaThread "C2 CompilerThread5" daemon [_thread_blocked, id=18572, stack(0x0000008ea0000000,0x0000008ea0100000)]

Other Threads:
  0x000002198844e940 VMThread "VM Thread" [stack: 0x0000008e9a500000,0x0000008e9a600000] [id=19564]
  0x00000219e94546c0 WatcherThread [stack: 0x0000008e9b500000,0x0000008e9b600000] [id=7348]
  0x00000219e941f370 GCTaskThread "GC Thread#0" [stack: 0x0000008e9a000000,0x0000008e9a100000] [id=8632]
  0x00000219a8ef0f10 GCTaskThread "GC Thread#1" [stack: 0x0000008e9b700000,0x0000008e9b800000] [id=10708]
  0x00000219a8ef11d0 GCTaskThread "GC Thread#2" [stack: 0x0000008e9b800000,0x0000008e9b900000] [id=18028]
  0x00000219a8ef1490 GCTaskThread "GC Thread#3" [stack: 0x0000008e9b900000,0x0000008e9ba00000] [id=3892]
  0x00000219a8ef1750 GCTaskThread "GC Thread#4" [stack: 0x0000008e9ba00000,0x0000008e9bb00000] [id=11916]
  0x00000219a8e41780 GCTaskThread "GC Thread#5" [stack: 0x0000008e9bb00000,0x0000008e9bc00000] [id=10108]
  0x00000219a9dffba0 GCTaskThread "GC Thread#6" [stack: 0x0000008e9ce00000,0x0000008e9cf00000] [id=13756]
  0x00000219abd6d2f0 GCTaskThread "GC Thread#7" [stack: 0x0000008e9cf00000,0x0000008e9d000000] [id=5048]
  0x00000219aa1d9560 GCTaskThread "GC Thread#8" [stack: 0x0000008e9d000000,0x0000008e9d100000] [id=4848]
  0x00000219aa1d9820 GCTaskThread "GC Thread#9" [stack: 0x0000008e9d100000,0x0000008e9d200000] [id=15068]
  0x00000219aa1da2f0 GCTaskThread "GC Thread#10" [stack: 0x0000008e9d200000,0x0000008e9d300000] [id=20040]
  0x00000219ab662160 GCTaskThread "GC Thread#11" [stack: 0x0000008e9d300000,0x0000008e9d400000] [id=19280]
  0x00000219ab656fc0 GCTaskThread "GC Thread#12" [stack: 0x0000008e9d400000,0x0000008e9d500000] [id=16168]
  0x00000219e94302c0 ConcurrentGCThread "G1 Main Marker" [stack: 0x0000008e9a100000,0x0000008e9a200000] [id=17232]
  0x00000219e9431470 ConcurrentGCThread "G1 Conc#0" [stack: 0x0000008e9a200000,0x0000008e9a300000] [id=2604]
  0x00000219ab6564c0 ConcurrentGCThread "G1 Conc#1" [stack: 0x0000008e9d500000,0x0000008e9d600000] [id=8856]
  0x00000219ab6559c0 ConcurrentGCThread "G1 Conc#2" [stack: 0x0000008e9d600000,0x0000008e9d700000] [id=15508]
  0x0000021988304680 ConcurrentGCThread "G1 Refine#0" [stack: 0x0000008e9a300000,0x0000008e9a400000] [id=9544]
  0x00000219ac615c40 ConcurrentGCThread "G1 Refine#1" [stack: 0x0000008ea4c00000,0x0000008ea4d00000] [id=8476]
  0x00000219883050b0 ConcurrentGCThread "G1 Service" [stack: 0x0000008e9a400000,0x0000008e9a500000] [id=18008]

Threads with active compile tasks:
C2 CompilerThread2  3415287 20315       4       org.gradle.api.internal.artifacts.transform.AttributeMatchingVariantSelector::doSelect (364 bytes)
C2 CompilerThread3  3415287 20320   !   4       org.gradle.cache.internal.DefaultMultiProcessSafeIndexedCache::getIfPresent (25 bytes)

VM state: not at safepoint (normal execution)

VM Mutex/Monitor currently owned by a thread: None

Heap address: 0x0000000080000000, size: 2048 MB, Compressed Oops mode: 32-bit

CDS archive(s) mapped at: [0x0000021989000000-0x0000021989bd0000-0x0000021989bd0000), size 12386304, SharedBaseAddress: 0x0000021989000000, ArchiveRelocationMode: 1.
Compressed class space mapped at: 0x000002198a000000-0x00000219a4000000, reserved size: 436207616
Narrow klass base: 0x0000021989000000, Narrow klass shift: 0, Narrow klass range: 0x100000000

GC Precious Log:
 CPUs: 16 total, 16 available
 Memory: 16052M
 Large Page Support: Disabled
 NUMA Support: Disabled
 Compressed Oops: Enabled (32-bit)
 Heap Region Size: 1M
 Heap Min Capacity: 8M
 Heap Initial Capacity: 252M
 Heap Max Capacity: 2G
 Pre-touch: Disabled
 Parallel Workers: 13
 Concurrent Workers: 3
 Concurrent Refinement Workers: 13
 Periodic GC: Disabled

Heap:
 garbage-first heap   total 283648K, used 234963K [0x0000000080000000, 0x0000000100000000)
  region size 1024K, 30 young (30720K), 4 survivors (4096K)
 Metaspace       used 116574K, committed 117888K, reserved 557056K
  class space    used 15796K, committed 16384K, reserved 425984K

Heap Regions: E=young(eden), S=young(survivor), O=old, HS=humongous(starts), HC=humongous(continues), CS=collection set, F=free, OA=open archive, CA=closed archive, TAMS=top-at-mark-start (previous, next)
|   0|0x0000000080000000, 0x0000000080100000, 0x0000000080100000|100%|HS|  |TAMS 0x0000000080100000, 0x0000000080000000| Complete 
|   1|0x0000000080100000, 0x0000000080200000, 0x0000000080200000|100%|HC|  |TAMS 0x0000000080200000, 0x0000000080100000| Complete 
|   2|0x0000000080200000, 0x0000000080300000, 0x0000000080300000|100%|HC|  |TAMS 0x0000000080300000, 0x0000000080200000| Complete 
|   3|0x0000000080300000, 0x0000000080400000, 0x0000000080400000|100%|HC|  |TAMS 0x0000000080400000, 0x0000000080300000| Complete 
|   4|0x0000000080400000, 0x0000000080500000, 0x0000000080500000|100%| O|  |TAMS 0x0000000080500000, 0x0000000080400000| Untracked 
|   5|0x0000000080500000, 0x0000000080600000, 0x0000000080600000|100%| O|  |TAMS 0x0000000080600000, 0x0000000080500000| Untracked 
|   6|0x0000000080600000, 0x0000000080700000, 0x0000000080700000|100%| O|  |TAMS 0x0000000080700000, 0x0000000080600000| Untracked 
|   7|0x0000000080700000, 0x0000000080800000, 0x0000000080800000|100%| O|  |TAMS 0x0000000080800000, 0x0000000080700000| Untracked 
|   8|0x0000000080800000, 0x0000000080900000, 0x0000000080900000|100%| O|  |TAMS 0x0000000080900000, 0x0000000080800000| Untracked 
|   9|0x0000000080900000, 0x0000000080a00000, 0x0000000080a00000|100%| O|  |TAMS 0x0000000080a00000, 0x0000000080900000| Untracked 
|  10|0x0000000080a00000, 0x0000000080b00000, 0x0000000080b00000|100%| O|  |TAMS 0x0000000080b00000, 0x0000000080a00000| Untracked 
|  11|0x0000000080b00000, 0x0000000080c00000, 0x0000000080c00000|100%| O|  |TAMS 0x0000000080c00000, 0x0000000080b00000| Untracked 
|  12|0x0000000080c00000, 0x0000000080d00000, 0x0000000080d00000|100%| O|  |TAMS 0x0000000080d00000, 0x0000000080c00000| Untracked 
|  13|0x0000000080d00000, 0x0000000080e00000, 0x0000000080e00000|100%| O|  |TAMS 0x0000000080e00000, 0x0000000080d00000| Untracked 
|  14|0x0000000080e00000, 0x0000000080f00000, 0x0000000080f00000|100%| O|  |TAMS 0x0000000080f00000, 0x0000000080e00000| Untracked 
|  15|0x0000000080f00000, 0x0000000081000000, 0x0000000081000000|100%| O|  |TAMS 0x0000000081000000, 0x0000000080f00000| Untracked 
|  16|0x0000000081000000, 0x0000000081100000, 0x0000000081100000|100%| O|  |TAMS 0x0000000081100000, 0x0000000081000000| Untracked 
|  17|0x0000000081100000, 0x0000000081200000, 0x0000000081200000|100%| O|  |TAMS 0x0000000081200000, 0x0000000081100000| Untracked 
|  18|0x0000000081200000, 0x0000000081300000, 0x0000000081300000|100%| O|  |TAMS 0x0000000081300000, 0x0000000081200000| Untracked 
|  19|0x0000000081300000, 0x0000000081400000, 0x0000000081400000|100%| O|  |TAMS 0x0000000081400000, 0x0000000081300000| Untracked 
|  20|0x0000000081400000, 0x0000000081500000, 0x0000000081500000|100%| O|  |TAMS 0x0000000081500000, 0x0000000081400000| Untracked 
|  21|0x0000000081500000, 0x0000000081600000, 0x0000000081600000|100%| O|  |TAMS 0x0000000081600000, 0x0000000081500000| Untracked 
|  22|0x0000000081600000, 0x0000000081700000, 0x0000000081700000|100%| O|  |TAMS 0x0000000081700000, 0x0000000081600000| Untracked 
|  23|0x0000000081700000, 0x0000000081800000, 0x0000000081800000|100%| O|  |TAMS 0x0000000081800000, 0x0000000081700000| Untracked 
|  24|0x0000000081800000, 0x0000000081900000, 0x0000000081900000|100%| O|  |TAMS 0x0000000081900000, 0x0000000081800000| Untracked 
|  25|0x0000000081900000, 0x0000000081a00000, 0x0000000081a00000|100%| O|  |TAMS 0x0000000081a00000, 0x0000000081900000| Untracked 
|  26|0x0000000081a00000, 0x0000000081b00000, 0x0000000081b00000|100%| O|  |TAMS 0x0000000081b00000, 0x0000000081a00000| Untracked 
|  27|0x0000000081b00000, 0x0000000081c00000, 0x0000000081c00000|100%| O|  |TAMS 0x0000000081c00000, 0x0000000081b00000| Untracked 
|  28|0x0000000081c00000, 0x0000000081d00000, 0x0000000081d00000|100%| O|  |TAMS 0x0000000081d00000, 0x0000000081c00000| Untracked 
|  29|0x0000000081d00000, 0x0000000081e00000, 0x0000000081e00000|100%| O|  |TAMS 0x0000000081e00000, 0x0000000081d00000| Untracked 
|  30|0x0000000081e00000, 0x0000000081f00000, 0x0000000081f00000|100%| O|  |TAMS 0x0000000081f00000, 0x0000000081e00000| Untracked 
|  31|0x0000000081f00000, 0x0000000082000000, 0x0000000082000000|100%| O|  |TAMS 0x0000000082000000, 0x0000000081f00000| Untracked 
|  32|0x0000000082000000, 0x0000000082100000, 0x0000000082100000|100%| O|  |TAMS 0x0000000082100000, 0x0000000082000000| Untracked 
|  33|0x0000000082100000, 0x0000000082200000, 0x0000000082200000|100%| O|  |TAMS 0x0000000082200000, 0x0000000082100000| Untracked 
|  34|0x0000000082200000, 0x0000000082300000, 0x0000000082300000|100%| O|  |TAMS 0x0000000082300000, 0x0000000082200000| Untracked 
|  35|0x0000000082300000, 0x0000000082400000, 0x0000000082400000|100%| O|  |TAMS 0x0000000082400000, 0x0000000082300000| Untracked 
|  36|0x0000000082400000, 0x0000000082500000, 0x0000000082500000|100%| O|  |TAMS 0x0000000082500000, 0x0000000082400000| Untracked 
|  37|0x0000000082500000, 0x0000000082600000, 0x0000000082600000|100%|HS|  |TAMS 0x0000000082600000, 0x0000000082500000| Complete 
|  38|0x0000000082600000, 0x0000000082700000, 0x0000000082700000|100%|HC|  |TAMS 0x0000000082700000, 0x0000000082600000| Complete 
|  39|0x0000000082700000, 0x0000000082800000, 0x0000000082800000|100%|HS|  |TAMS 0x0000000082800000, 0x0000000082700000| Complete 
|  40|0x0000000082800000, 0x0000000082900000, 0x0000000082900000|100%|HC|  |TAMS 0x0000000082900000, 0x0000000082800000| Complete 
|  41|0x0000000082900000, 0x0000000082a00000, 0x0000000082a00000|100%| O|  |TAMS 0x0000000082a00000, 0x0000000082900000| Untracked 
|  42|0x0000000082a00000, 0x0000000082b00000, 0x0000000082b00000|100%| O|  |TAMS 0x0000000082b00000, 0x0000000082a00000| Untracked 
|  43|0x0000000082b00000, 0x0000000082c00000, 0x0000000082c00000|100%|HS|  |TAMS 0x0000000082c00000, 0x0000000082b00000| Complete 
|  44|0x0000000082c00000, 0x0000000082d00000, 0x0000000082d00000|100%|HC|  |TAMS 0x0000000082d00000, 0x0000000082c00000| Complete 
|  45|0x0000000082d00000, 0x0000000082e00000, 0x0000000082e00000|100%|HC|  |TAMS 0x0000000082e00000, 0x0000000082d00000| Complete 
|  46|0x0000000082e00000, 0x0000000082f00000, 0x0000000082f00000|100%|HC|  |TAMS 0x0000000082f00000, 0x0000000082e00000| Complete 
|  47|0x0000000082f00000, 0x0000000083000000, 0x0000000083000000|100%| O|  |TAMS 0x0000000083000000, 0x0000000082f00000| Untracked 
|  48|0x0000000083000000, 0x0000000083100000, 0x0000000083100000|100%| O|  |TAMS 0x0000000083100000, 0x0000000083000000| Untracked 
|  49|0x0000000083100000, 0x0000000083200000, 0x0000000083200000|100%| O|  |TAMS 0x0000000083200000, 0x0000000083100000| Untracked 
|  50|0x0000000083200000, 0x0000000083300000, 0x0000000083300000|100%| O|  |TAMS 0x0000000083300000, 0x0000000083200000| Untracked 
|  51|0x0000000083300000, 0x0000000083400000, 0x0000000083400000|100%|HS|  |TAMS 0x0000000083400000, 0x0000000083300000| Complete 
|  52|0x0000000083400000, 0x0000000083500000, 0x0000000083500000|100%|HC|  |TAMS 0x0000000083500000, 0x0000000083400000| Complete 
|  53|0x0000000083500000, 0x0000000083600000, 0x0000000083600000|100%|HC|  |TAMS 0x0000000083600000, 0x0000000083500000| Complete 
|  54|0x0000000083600000, 0x0000000083700000, 0x0000000083700000|100%|HC|  |TAMS 0x0000000083700000, 0x0000000083600000| Complete 
|  55|0x0000000083700000, 0x0000000083800000, 0x0000000083800000|100%| O|  |TAMS 0x0000000083800000, 0x0000000083700000| Untracked 
|  56|0x0000000083800000, 0x0000000083900000, 0x0000000083900000|100%| O|  |TAMS 0x0000000083900000, 0x0000000083800000| Untracked 
|  57|0x0000000083900000, 0x0000000083a00000, 0x0000000083a00000|100%| O|  |TAMS 0x0000000083a00000, 0x0000000083900000| Untracked 
|  58|0x0000000083a00000, 0x0000000083b00000, 0x0000000083b00000|100%| O|  |TAMS 0x0000000083b00000, 0x0000000083a00000| Untracked 
|  59|0x0000000083b00000, 0x0000000083c00000, 0x0000000083c00000|100%| O|  |TAMS 0x0000000083c00000, 0x0000000083b00000| Untracked 
|  60|0x0000000083c00000, 0x0000000083d00000, 0x0000000083d00000|100%| O|  |TAMS 0x0000000083d00000, 0x0000000083c00000| Untracked 
|  61|0x0000000083d00000, 0x0000000083e00000, 0x0000000083e00000|100%| O|  |TAMS 0x0000000083e00000, 0x0000000083d00000| Untracked 
|  62|0x0000000083e00000, 0x0000000083f00000, 0x0000000083f00000|100%| O|  |TAMS 0x0000000083f00000, 0x0000000083e00000| Untracked 
|  63|0x0000000083f00000, 0x0000000084000000, 0x0000000084000000|100%| O|  |TAMS 0x0000000084000000, 0x0000000083f00000| Untracked 
|  64|0x0000000084000000, 0x0000000084100000, 0x0000000084100000|100%| O|  |TAMS 0x0000000084100000, 0x0000000084000000| Untracked 
|  65|0x0000000084100000, 0x0000000084200000, 0x0000000084200000|100%| O|  |TAMS 0x0000000084200000, 0x0000000084100000| Untracked 
|  66|0x0000000084200000, 0x0000000084300000, 0x0000000084300000|100%|HS|  |TAMS 0x0000000084300000, 0x0000000084200000| Complete 
|  67|0x0000000084300000, 0x0000000084400000, 0x0000000084400000|100%|HS|  |TAMS 0x0000000084400000, 0x0000000084300000| Complete 
|  68|0x0000000084400000, 0x0000000084500000, 0x0000000084500000|100%|HS|  |TAMS 0x0000000084500000, 0x0000000084400000| Complete 
|  69|0x0000000084500000, 0x0000000084600000, 0x0000000084600000|100%| O|  |TAMS 0x0000000084600000, 0x0000000084500000| Untracked 
|  70|0x0000000084600000, 0x0000000084700000, 0x0000000084700000|100%|HS|  |TAMS 0x0000000084700000, 0x0000000084600000| Complete 
|  71|0x0000000084700000, 0x0000000084800000, 0x0000000084800000|100%| O|  |TAMS 0x0000000084800000, 0x0000000084700000| Untracked 
|  72|0x0000000084800000, 0x0000000084900000, 0x0000000084900000|100%| O|  |TAMS 0x0000000084900000, 0x0000000084800000| Untracked 
|  73|0x0000000084900000, 0x0000000084a00000, 0x0000000084a00000|100%| O|  |TAMS 0x0000000084a00000, 0x0000000084900000| Untracked 
|  74|0x0000000084a00000, 0x0000000084b00000, 0x0000000084b00000|100%| O|  |TAMS 0x0000000084b00000, 0x0000000084a00000| Untracked 
|  75|0x0000000084b00000, 0x0000000084c00000, 0x0000000084c00000|100%| O|  |TAMS 0x0000000084c00000, 0x0000000084b00000| Untracked 
|  76|0x0000000084c00000, 0x0000000084d00000, 0x0000000084d00000|100%| O|  |TAMS 0x0000000084d00000, 0x0000000084c00000| Untracked 
|  77|0x0000000084d00000, 0x0000000084e00000, 0x0000000084e00000|100%| O|  |TAMS 0x0000000084e00000, 0x0000000084d00000| Untracked 
|  78|0x0000000084e00000, 0x0000000084f00000, 0x0000000084f00000|100%| O|  |TAMS 0x0000000084f00000, 0x0000000084e00000| Untracked 
|  79|0x0000000084f00000, 0x0000000085000000, 0x0000000085000000|100%| O|  |TAMS 0x0000000085000000, 0x0000000084f00000| Untracked 
|  80|0x0000000085000000, 0x0000000085100000, 0x0000000085100000|100%| O|  |TAMS 0x0000000085100000, 0x0000000085000000| Untracked 
|  81|0x0000000085100000, 0x0000000085200000, 0x0000000085200000|100%| O|  |TAMS 0x0000000085200000, 0x0000000085100000| Untracked 
|  82|0x0000000085200000, 0x0000000085300000, 0x0000000085300000|100%| O|  |TAMS 0x0000000085300000, 0x0000000085200000| Untracked 
|  83|0x0000000085300000, 0x0000000085400000, 0x0000000085400000|100%| O|  |TAMS 0x0000000085400000, 0x0000000085300000| Untracked 
|  84|0x0000000085400000, 0x0000000085500000, 0x0000000085500000|100%| O|  |TAMS 0x0000000085500000, 0x0000000085400000| Untracked 
|  85|0x0000000085500000, 0x0000000085600000, 0x0000000085600000|100%| O|  |TAMS 0x0000000085600000, 0x0000000085500000| Untracked 
|  86|0x0000000085600000, 0x0000000085700000, 0x0000000085700000|100%| O|  |TAMS 0x0000000085700000, 0x0000000085600000| Untracked 
|  87|0x0000000085700000, 0x0000000085800000, 0x0000000085800000|100%| O|  |TAMS 0x0000000085800000, 0x0000000085700000| Untracked 
|  88|0x0000000085800000, 0x0000000085900000, 0x0000000085900000|100%| O|  |TAMS 0x0000000085900000, 0x0000000085800000| Untracked 
|  89|0x0000000085900000, 0x0000000085a00000, 0x0000000085a00000|100%|HS|  |TAMS 0x0000000085a00000, 0x0000000085900000| Complete 
|  90|0x0000000085a00000, 0x0000000085b00000, 0x0000000085b00000|100%|HS|  |TAMS 0x0000000085b00000, 0x0000000085a00000| Complete 
|  91|0x0000000085b00000, 0x0000000085c00000, 0x0000000085c00000|100%|HS|  |TAMS 0x0000000085c00000, 0x0000000085b00000| Complete 
|  92|0x0000000085c00000, 0x0000000085d00000, 0x0000000085d00000|100%|HC|  |TAMS 0x0000000085d00000, 0x0000000085c00000| Complete 
|  93|0x0000000085d00000, 0x0000000085e00000, 0x0000000085e00000|100%|HS|  |TAMS 0x0000000085e00000, 0x0000000085d00000| Complete 
|  94|0x0000000085e00000, 0x0000000085f00000, 0x0000000085f00000|100%|HS|  |TAMS 0x0000000085f00000, 0x0000000085e00000| Complete 
|  95|0x0000000085f00000, 0x0000000086000000, 0x0000000086000000|100%|HS|  |TAMS 0x0000000086000000, 0x0000000085f00000| Complete 
|  96|0x0000000086000000, 0x0000000086100000, 0x0000000086100000|100%| O|  |TAMS 0x0000000086100000, 0x0000000086000000| Untracked 
|  97|0x0000000086100000, 0x0000000086200000, 0x0000000086200000|100%| O|  |TAMS 0x0000000086200000, 0x0000000086100000| Untracked 
|  98|0x0000000086200000, 0x0000000086300000, 0x0000000086300000|100%| O|  |TAMS 0x0000000086300000, 0x0000000086200000| Untracked 
|  99|0x0000000086300000, 0x0000000086400000, 0x0000000086400000|100%| O|  |TAMS 0x0000000086400000, 0x0000000086300000| Untracked 
| 100|0x0000000086400000, 0x0000000086500000, 0x0000000086500000|100%| O|  |TAMS 0x0000000086500000, 0x0000000086400000| Untracked 
| 101|0x0000000086500000, 0x0000000086600000, 0x0000000086600000|100%| O|  |TAMS 0x0000000086600000, 0x0000000086500000| Untracked 
| 102|0x0000000086600000, 0x0000000086700000, 0x0000000086700000|100%| O|  |TAMS 0x0000000086700000, 0x0000000086600000| Untracked 
| 103|0x0000000086700000, 0x0000000086800000, 0x0000000086800000|100%| O|  |TAMS 0x0000000086800000, 0x0000000086700000| Untracked 
| 104|0x0000000086800000, 0x0000000086900000, 0x0000000086900000|100%| O|  |TAMS 0x0000000086900000, 0x0000000086800000| Untracked 
| 105|0x0000000086900000, 0x0000000086a00000, 0x0000000086a00000|100%| O|  |TAMS 0x0000000086a00000, 0x0000000086900000| Untracked 
| 106|0x0000000086a00000, 0x0000000086b00000, 0x0000000086b00000|100%| O|  |TAMS 0x0000000086b00000, 0x0000000086a00000| Untracked 
| 107|0x0000000086b00000, 0x0000000086c00000, 0x0000000086c00000|100%| O|  |TAMS 0x0000000086c00000, 0x0000000086b00000| Untracked 
| 108|0x0000000086c00000, 0x0000000086d00000, 0x0000000086d00000|100%| O|  |TAMS 0x0000000086d00000, 0x0000000086c00000| Untracked 
| 109|0x0000000086d00000, 0x0000000086e00000, 0x0000000086e00000|100%| O|  |TAMS 0x0000000086e00000, 0x0000000086d00000| Untracked 
| 110|0x0000000086e00000, 0x0000000086f00000, 0x0000000086f00000|100%| O|  |TAMS 0x0000000086f00000, 0x0000000086e00000| Untracked 
| 111|0x0000000086f00000, 0x0000000087000000, 0x0000000087000000|100%| O|  |TAMS 0x0000000087000000, 0x0000000086f00000| Untracked 
| 112|0x0000000087000000, 0x0000000087100000, 0x0000000087100000|100%| O|  |TAMS 0x0000000087100000, 0x0000000087000000| Untracked 
| 113|0x0000000087100000, 0x0000000087200000, 0x0000000087200000|100%| O|  |TAMS 0x0000000087200000, 0x0000000087100000| Untracked 
| 114|0x0000000087200000, 0x0000000087300000, 0x0000000087300000|100%| O|  |TAMS 0x0000000087300000, 0x0000000087200000| Untracked 
| 115|0x0000000087300000, 0x0000000087400000, 0x0000000087400000|100%| O|  |TAMS 0x0000000087400000, 0x0000000087300000| Untracked 
| 116|0x0000000087400000, 0x0000000087500000, 0x0000000087500000|100%| O|  |TAMS 0x0000000087500000, 0x0000000087400000| Untracked 
| 117|0x0000000087500000, 0x0000000087600000, 0x0000000087600000|100%| O|  |TAMS 0x0000000087600000, 0x0000000087500000| Untracked 
| 118|0x0000000087600000, 0x0000000087700000, 0x0000000087700000|100%| O|  |TAMS 0x0000000087700000, 0x0000000087600000| Untracked 
| 119|0x0000000087700000, 0x0000000087800000, 0x0000000087800000|100%| O|  |TAMS 0x0000000087800000, 0x0000000087700000| Untracked 
| 120|0x0000000087800000, 0x0000000087900000, 0x0000000087900000|100%| O|  |TAMS 0x0000000087900000, 0x0000000087800000| Untracked 
| 121|0x0000000087900000, 0x0000000087a00000, 0x0000000087a00000|100%| O|  |TAMS 0x0000000087a00000, 0x0000000087900000| Untracked 
| 122|0x0000000087a00000, 0x0000000087b00000, 0x0000000087b00000|100%| O|  |TAMS 0x0000000087a00000, 0x0000000087a00000| Untracked 
| 123|0x0000000087b00000, 0x0000000087c00000, 0x0000000087c00000|100%| O|  |TAMS 0x0000000087c00000, 0x0000000087b00000| Untracked 
| 124|0x0000000087c00000, 0x0000000087d00000, 0x0000000087d00000|100%| O|  |TAMS 0x0000000087d00000, 0x0000000087c00000| Untracked 
| 125|0x0000000087d00000, 0x0000000087e00000, 0x0000000087e00000|100%| O|  |TAMS 0x0000000087e00000, 0x0000000087d00000| Untracked 
| 126|0x0000000087e00000, 0x0000000087f00000, 0x0000000087f00000|100%| O|  |TAMS 0x0000000087f00000, 0x0000000087e00000| Untracked 
| 127|0x0000000087f00000, 0x0000000088000000, 0x0000000088000000|100%| O|  |TAMS 0x0000000088000000, 0x0000000087f00000| Untracked 
| 128|0x0000000088000000, 0x0000000088100000, 0x0000000088100000|100%| O|  |TAMS 0x0000000088100000, 0x0000000088000000| Untracked 
| 129|0x0000000088100000, 0x0000000088200000, 0x0000000088200000|100%| O|  |TAMS 0x0000000088200000, 0x0000000088100000| Untracked 
| 130|0x0000000088200000, 0x0000000088300000, 0x0000000088300000|100%| O|  |TAMS 0x0000000088300000, 0x0000000088200000| Untracked 
| 131|0x0000000088300000, 0x0000000088400000, 0x0000000088400000|100%| O|  |TAMS 0x0000000088400000, 0x0000000088300000| Untracked 
| 132|0x0000000088400000, 0x0000000088500000, 0x0000000088500000|100%| O|  |TAMS 0x0000000088500000, 0x0000000088400000| Untracked 
| 133|0x0000000088500000, 0x0000000088600000, 0x0000000088600000|100%| O|  |TAMS 0x0000000088600000, 0x0000000088500000| Untracked 
| 134|0x0000000088600000, 0x0000000088700000, 0x0000000088700000|100%| O|  |TAMS 0x0000000088700000, 0x0000000088600000| Untracked 
| 135|0x0000000088700000, 0x0000000088800000, 0x0000000088800000|100%| O|  |TAMS 0x0000000088800000, 0x0000000088700000| Untracked 
| 136|0x0000000088800000, 0x0000000088900000, 0x0000000088900000|100%| O|  |TAMS 0x0000000088900000, 0x0000000088800000| Untracked 
| 137|0x0000000088900000, 0x0000000088a00000, 0x0000000088a00000|100%| O|  |TAMS 0x0000000088a00000, 0x0000000088900000| Untracked 
| 138|0x0000000088a00000, 0x0000000088b00000, 0x0000000088b00000|100%| O|  |TAMS 0x0000000088b00000, 0x0000000088a00000| Untracked 
| 139|0x0000000088b00000, 0x0000000088c00000, 0x0000000088c00000|100%| O|  |TAMS 0x0000000088c00000, 0x0000000088b00000| Untracked 
| 140|0x0000000088c00000, 0x0000000088d00000, 0x0000000088d00000|100%| O|  |TAMS 0x0000000088c00000, 0x0000000088c00000| Untracked 
| 141|0x0000000088d00000, 0x0000000088e00000, 0x0000000088e00000|100%| O|  |TAMS 0x0000000088e00000, 0x0000000088d00000| Untracked 
| 142|0x0000000088e00000, 0x0000000088f00000, 0x0000000088f00000|100%| O|  |TAMS 0x0000000088f00000, 0x0000000088e00000| Untracked 
| 143|0x0000000088f00000, 0x0000000089000000, 0x0000000089000000|100%| O|  |TAMS 0x0000000089000000, 0x0000000088f00000| Untracked 
| 144|0x0000000089000000, 0x0000000089100000, 0x0000000089100000|100%| O|  |TAMS 0x0000000089100000, 0x0000000089000000| Untracked 
| 145|0x0000000089100000, 0x0000000089200000, 0x0000000089200000|100%| O|  |TAMS 0x0000000089200000, 0x0000000089100000| Untracked 
| 146|0x0000000089200000, 0x0000000089300000, 0x0000000089300000|100%| O|  |TAMS 0x0000000089300000, 0x0000000089200000| Untracked 
| 147|0x0000000089300000, 0x0000000089400000, 0x0000000089400000|100%| O|  |TAMS 0x0000000089300000, 0x0000000089300000| Untracked 
| 148|0x0000000089400000, 0x0000000089500000, 0x0000000089500000|100%| O|  |TAMS 0x0000000089500000, 0x0000000089400000| Untracked 
| 149|0x0000000089500000, 0x0000000089600000, 0x0000000089600000|100%| O|  |TAMS 0x0000000089600000, 0x0000000089500000| Untracked 
| 150|0x0000000089600000, 0x0000000089700000, 0x0000000089700000|100%| O|  |TAMS 0x0000000089700000, 0x0000000089600000| Untracked 
| 151|0x0000000089700000, 0x0000000089800000, 0x0000000089800000|100%| O|  |TAMS 0x0000000089800000, 0x0000000089700000| Untracked 
| 152|0x0000000089800000, 0x0000000089900000, 0x0000000089900000|100%| O|  |TAMS 0x0000000089900000, 0x0000000089800000| Untracked 
| 153|0x0000000089900000, 0x0000000089a00000, 0x0000000089a00000|100%| O|  |TAMS 0x0000000089a00000, 0x0000000089900000| Untracked 
| 154|0x0000000089a00000, 0x0000000089b00000, 0x0000000089b00000|100%| O|  |TAMS 0x0000000089a75a00, 0x0000000089a00000| Untracked 
| 155|0x0000000089b00000, 0x0000000089c00000, 0x0000000089c00000|100%| O|  |TAMS 0x0000000089b00000, 0x0000000089b00000| Untracked 
| 156|0x0000000089c00000, 0x0000000089d00000, 0x0000000089d00000|100%| O|  |TAMS 0x0000000089c00000, 0x0000000089c00000| Untracked 
| 157|0x0000000089d00000, 0x0000000089e00000, 0x0000000089e00000|100%| O|  |TAMS 0x0000000089d00000, 0x0000000089d00000| Untracked 
| 158|0x0000000089e00000, 0x0000000089f00000, 0x0000000089f00000|100%| O|  |TAMS 0x0000000089e00000, 0x0000000089e00000| Untracked 
| 159|0x0000000089f00000, 0x000000008a000000, 0x000000008a000000|100%| O|  |TAMS 0x0000000089f00000, 0x0000000089f00000| Untracked 
| 160|0x000000008a000000, 0x000000008a100000, 0x000000008a100000|100%| O|  |TAMS 0x000000008a000000, 0x000000008a000000| Untracked 
| 161|0x000000008a100000, 0x000000008a200000, 0x000000008a200000|100%| O|  |TAMS 0x000000008a100000, 0x000000008a100000| Untracked 
| 162|0x000000008a200000, 0x000000008a300000, 0x000000008a300000|100%| O|  |TAMS 0x000000008a200000, 0x000000008a200000| Untracked 
| 163|0x000000008a300000, 0x000000008a400000, 0x000000008a400000|100%| O|  |TAMS 0x000000008a300000, 0x000000008a300000| Untracked 
| 164|0x000000008a400000, 0x000000008a500000, 0x000000008a500000|100%| O|  |TAMS 0x000000008a400000, 0x000000008a400000| Untracked 
| 165|0x000000008a500000, 0x000000008a600000, 0x000000008a600000|100%| O|  |TAMS 0x000000008a500000, 0x000000008a500000| Untracked 
| 166|0x000000008a600000, 0x000000008a700000, 0x000000008a700000|100%| O|  |TAMS 0x000000008a600000, 0x000000008a600000| Untracked 
| 167|0x000000008a700000, 0x000000008a800000, 0x000000008a800000|100%| O|  |TAMS 0x000000008a700000, 0x000000008a700000| Untracked 
| 168|0x000000008a800000, 0x000000008a900000, 0x000000008a900000|100%| O|  |TAMS 0x000000008a800000, 0x000000008a800000| Untracked 
| 169|0x000000008a900000, 0x000000008aa00000, 0x000000008aa00000|100%| O|  |TAMS 0x000000008a900000, 0x000000008a900000| Untracked 
| 170|0x000000008aa00000, 0x000000008ab00000, 0x000000008ab00000|100%| O|  |TAMS 0x000000008aa00000, 0x000000008aa00000| Untracked 
| 171|0x000000008ab00000, 0x000000008ac00000, 0x000000008ac00000|100%| O|  |TAMS 0x000000008ab00000, 0x000000008ab00000| Untracked 
| 172|0x000000008ac00000, 0x000000008ad00000, 0x000000008ad00000|100%| O|  |TAMS 0x000000008ac00000, 0x000000008ac00000| Untracked 
| 173|0x000000008ad00000, 0x000000008ae00000, 0x000000008ae00000|100%| O|  |TAMS 0x000000008ad00000, 0x000000008ad00000| Untracked 
| 174|0x000000008ae00000, 0x000000008af00000, 0x000000008af00000|100%| O|  |TAMS 0x000000008ae00000, 0x000000008ae00000| Untracked 
| 175|0x000000008af00000, 0x000000008b000000, 0x000000008b000000|100%| O|  |TAMS 0x000000008af00000, 0x000000008af00000| Untracked 
| 176|0x000000008b000000, 0x000000008b100000, 0x000000008b100000|100%| O|  |TAMS 0x000000008b000000, 0x000000008b000000| Untracked 
| 177|0x000000008b100000, 0x000000008b200000, 0x000000008b200000|100%| O|  |TAMS 0x000000008b100000, 0x000000008b100000| Untracked 
| 178|0x000000008b200000, 0x000000008b300000, 0x000000008b300000|100%| O|  |TAMS 0x000000008b200000, 0x000000008b200000| Untracked 
| 179|0x000000008b300000, 0x000000008b400000, 0x000000008b400000|100%| O|  |TAMS 0x000000008b300000, 0x000000008b300000| Untracked 
| 180|0x000000008b400000, 0x000000008b500000, 0x000000008b500000|100%| O|  |TAMS 0x000000008b400000, 0x000000008b400000| Untracked 
| 181|0x000000008b500000, 0x000000008b600000, 0x000000008b600000|100%| O|  |TAMS 0x000000008b500000, 0x000000008b500000| Untracked 
| 182|0x000000008b600000, 0x000000008b700000, 0x000000008b700000|100%| O|  |TAMS 0x000000008b600000, 0x000000008b600000| Untracked 
| 183|0x000000008b700000, 0x000000008b800000, 0x000000008b800000|100%| O|  |TAMS 0x000000008b700000, 0x000000008b700000| Untracked 
| 184|0x000000008b800000, 0x000000008b900000, 0x000000008b900000|100%| O|  |TAMS 0x000000008b800000, 0x000000008b800000| Untracked 
| 185|0x000000008b900000, 0x000000008ba00000, 0x000000008ba00000|100%| O|  |TAMS 0x000000008b900000, 0x000000008b900000| Untracked 
| 186|0x000000008ba00000, 0x000000008bb00000, 0x000000008bb00000|100%| O|  |TAMS 0x000000008ba00000, 0x000000008ba00000| Untracked 
| 187|0x000000008bb00000, 0x000000008bc00000, 0x000000008bc00000|100%| O|  |TAMS 0x000000008bb00000, 0x000000008bb00000| Untracked 
| 188|0x000000008bc00000, 0x000000008bd00000, 0x000000008bd00000|100%| O|  |TAMS 0x000000008bc00000, 0x000000008bc00000| Untracked 
| 189|0x000000008bd00000, 0x000000008be00000, 0x000000008be00000|100%| O|  |TAMS 0x000000008bd00000, 0x000000008bd00000| Untracked 
| 190|0x000000008be00000, 0x000000008bf00000, 0x000000008bf00000|100%| O|  |TAMS 0x000000008be00000, 0x000000008be00000| Untracked 
| 191|0x000000008bf00000, 0x000000008c000000, 0x000000008c000000|100%| O|  |TAMS 0x000000008bf00000, 0x000000008bf00000| Untracked 
| 192|0x000000008c000000, 0x000000008c100000, 0x000000008c100000|100%| O|  |TAMS 0x000000008c000000, 0x000000008c000000| Untracked 
| 193|0x000000008c100000, 0x000000008c200000, 0x000000008c200000|100%| O|  |TAMS 0x000000008c100000, 0x000000008c100000| Untracked 
| 194|0x000000008c200000, 0x000000008c300000, 0x000000008c300000|100%| O|  |TAMS 0x000000008c200000, 0x000000008c200000| Untracked 
| 195|0x000000008c300000, 0x000000008c400000, 0x000000008c400000|100%| O|  |TAMS 0x000000008c300000, 0x000000008c300000| Untracked 
| 196|0x000000008c400000, 0x000000008c500000, 0x000000008c500000|100%| O|  |TAMS 0x000000008c400000, 0x000000008c400000| Untracked 
| 197|0x000000008c500000, 0x000000008c600000, 0x000000008c600000|100%| O|  |TAMS 0x000000008c500000, 0x000000008c500000| Untracked 
| 198|0x000000008c600000, 0x000000008c700000, 0x000000008c700000|100%| O|  |TAMS 0x000000008c600000, 0x000000008c600000| Untracked 
| 199|0x000000008c700000, 0x000000008c800000, 0x000000008c800000|100%| O|  |TAMS 0x000000008c700000, 0x000000008c700000| Untracked 
| 200|0x000000008c800000, 0x000000008c900000, 0x000000008c900000|100%| O|  |TAMS 0x000000008c800000, 0x000000008c800000| Untracked 
| 201|0x000000008c900000, 0x000000008c9f6000, 0x000000008ca00000| 96%| O|  |TAMS 0x000000008c900000, 0x000000008c900000| Untracked 
| 202|0x000000008ca00000, 0x000000008ca00000, 0x000000008cb00000|  0%| F|  |TAMS 0x000000008ca00000, 0x000000008ca00000| Untracked 
| 203|0x000000008cb00000, 0x000000008cb00000, 0x000000008cc00000|  0%| F|  |TAMS 0x000000008cb00000, 0x000000008cb00000| Untracked 
| 204|0x000000008cc00000, 0x000000008cc00000, 0x000000008cd00000|  0%| F|  |TAMS 0x000000008cc00000, 0x000000008cc00000| Untracked 
| 205|0x000000008cd00000, 0x000000008cd00000, 0x000000008ce00000|  0%| F|  |TAMS 0x000000008cd00000, 0x000000008cd00000| Untracked 
| 206|0x000000008ce00000, 0x000000008ce00000, 0x000000008cf00000|  0%| F|  |TAMS 0x000000008ce00000, 0x000000008ce00000| Untracked 
| 207|0x000000008cf00000, 0x000000008cf00000, 0x000000008d000000|  0%| F|  |TAMS 0x000000008cf00000, 0x000000008cf00000| Untracked 
| 208|0x000000008d000000, 0x000000008d000000, 0x000000008d100000|  0%| F|  |TAMS 0x000000008d000000, 0x000000008d000000| Untracked 
| 209|0x000000008d100000, 0x000000008d100000, 0x000000008d200000|  0%| F|  |TAMS 0x000000008d100000, 0x000000008d100000| Untracked 
| 210|0x000000008d200000, 0x000000008d200000, 0x000000008d300000|  0%| F|  |TAMS 0x000000008d200000, 0x000000008d200000| Untracked 
| 211|0x000000008d300000, 0x000000008d300000, 0x000000008d400000|  0%| F|  |TAMS 0x000000008d300000, 0x000000008d300000| Untracked 
| 212|0x000000008d400000, 0x000000008d400000, 0x000000008d500000|  0%| F|  |TAMS 0x000000008d400000, 0x000000008d400000| Untracked 
| 213|0x000000008d500000, 0x000000008d500000, 0x000000008d600000|  0%| F|  |TAMS 0x000000008d500000, 0x000000008d500000| Untracked 
| 214|0x000000008d600000, 0x000000008d600000, 0x000000008d700000|  0%| F|  |TAMS 0x000000008d600000, 0x000000008d600000| Untracked 
| 215|0x000000008d700000, 0x000000008d700000, 0x000000008d800000|  0%| F|  |TAMS 0x000000008d700000, 0x000000008d700000| Untracked 
| 216|0x000000008d800000, 0x000000008d800000, 0x000000008d900000|  0%| F|  |TAMS 0x000000008d800000, 0x000000008d800000| Untracked 
| 217|0x000000008d900000, 0x000000008d900000, 0x000000008da00000|  0%| F|  |TAMS 0x000000008d900000, 0x000000008d900000| Untracked 
| 218|0x000000008da00000, 0x000000008da00000, 0x000000008db00000|  0%| F|  |TAMS 0x000000008da00000, 0x000000008da00000| Untracked 
| 219|0x000000008db00000, 0x000000008db00000, 0x000000008dc00000|  0%| F|  |TAMS 0x000000008db00000, 0x000000008db00000| Untracked 
| 220|0x000000008dc00000, 0x000000008dc00000, 0x000000008dd00000|  0%| F|  |TAMS 0x000000008dc00000, 0x000000008dc00000| Untracked 
| 221|0x000000008dd00000, 0x000000008dd00000, 0x000000008de00000|  0%| F|  |TAMS 0x000000008dd00000, 0x000000008dd00000| Untracked 
| 222|0x000000008de00000, 0x000000008de00000, 0x000000008df00000|  0%| F|  |TAMS 0x000000008de00000, 0x000000008de00000| Untracked 
| 223|0x000000008df00000, 0x000000008df00000, 0x000000008e000000|  0%| F|  |TAMS 0x000000008df00000, 0x000000008df00000| Untracked 
| 224|0x000000008e000000, 0x000000008e000000, 0x000000008e100000|  0%| F|  |TAMS 0x000000008e000000, 0x000000008e000000| Untracked 
| 225|0x000000008e100000, 0x000000008e100000, 0x000000008e200000|  0%| F|  |TAMS 0x000000008e100000, 0x000000008e100000| Untracked 
| 226|0x000000008e200000, 0x000000008e200000, 0x000000008e300000|  0%| F|  |TAMS 0x000000008e200000, 0x000000008e200000| Untracked 
| 227|0x000000008e300000, 0x000000008e300000, 0x000000008e400000|  0%| F|  |TAMS 0x000000008e300000, 0x000000008e300000| Untracked 
| 228|0x000000008e400000, 0x000000008e400000, 0x000000008e500000|  0%| F|  |TAMS 0x000000008e400000, 0x000000008e400000| Untracked 
| 229|0x000000008e500000, 0x000000008e500000, 0x000000008e600000|  0%| F|  |TAMS 0x000000008e500000, 0x000000008e500000| Untracked 
| 230|0x000000008e600000, 0x000000008e600000, 0x000000008e700000|  0%| F|  |TAMS 0x000000008e600000, 0x000000008e600000| Untracked 
| 231|0x000000008e700000, 0x000000008e700000, 0x000000008e800000|  0%| F|  |TAMS 0x000000008e700000, 0x000000008e700000| Untracked 
| 232|0x000000008e800000, 0x000000008e87ee90, 0x000000008e900000| 49%| S|CS|TAMS 0x000000008e800000, 0x000000008e800000| Complete 
| 233|0x000000008e900000, 0x000000008ea00000, 0x000000008ea00000|100%| S|CS|TAMS 0x000000008e900000, 0x000000008e900000| Complete 
| 234|0x000000008ea00000, 0x000000008eb00000, 0x000000008eb00000|100%| S|CS|TAMS 0x000000008ea00000, 0x000000008ea00000| Complete 
| 235|0x000000008eb00000, 0x000000008ec00000, 0x000000008ec00000|100%| S|CS|TAMS 0x000000008eb00000, 0x000000008eb00000| Complete 
| 236|0x000000008ec00000, 0x000000008ec00000, 0x000000008ed00000|  0%| F|  |TAMS 0x000000008ec00000, 0x000000008ec00000| Untracked 
| 237|0x000000008ed00000, 0x000000008ed00000, 0x000000008ee00000|  0%| F|  |TAMS 0x000000008ed00000, 0x000000008ed00000| Untracked 
| 238|0x000000008ee00000, 0x000000008ee00000, 0x000000008ef00000|  0%| F|  |TAMS 0x000000008ee00000, 0x000000008ee00000| Untracked 
| 239|0x000000008ef00000, 0x000000008ef00000, 0x000000008f000000|  0%| F|  |TAMS 0x000000008ef00000, 0x000000008ef00000| Untracked 
| 240|0x000000008f000000, 0x000000008f000000, 0x000000008f100000|  0%| F|  |TAMS 0x000000008f000000, 0x000000008f000000| Untracked 
| 241|0x000000008f100000, 0x000000008f100000, 0x000000008f200000|  0%| F|  |TAMS 0x000000008f100000, 0x000000008f100000| Untracked 
| 242|0x000000008f200000, 0x000000008f200000, 0x000000008f300000|  0%| F|  |TAMS 0x000000008f200000, 0x000000008f200000| Untracked 
| 243|0x000000008f300000, 0x000000008f300000, 0x000000008f400000|  0%| F|  |TAMS 0x000000008f300000, 0x000000008f300000| Untracked 
| 244|0x000000008f400000, 0x000000008f400000, 0x000000008f500000|  0%| F|  |TAMS 0x000000008f400000, 0x000000008f400000| Untracked 
| 245|0x000000008f500000, 0x000000008f500000, 0x000000008f600000|  0%| F|  |TAMS 0x000000008f500000, 0x000000008f500000| Untracked 
| 246|0x000000008f600000, 0x000000008f600000, 0x000000008f700000|  0%| F|  |TAMS 0x000000008f600000, 0x000000008f600000| Untracked 
| 247|0x000000008f700000, 0x000000008f700000, 0x000000008f800000|  0%| F|  |TAMS 0x000000008f700000, 0x000000008f700000| Untracked 
| 248|0x000000008f800000, 0x000000008f800000, 0x000000008f900000|  0%| F|  |TAMS 0x000000008f800000, 0x000000008f800000| Untracked 
| 249|0x000000008f900000, 0x000000008f900000, 0x000000008fa00000|  0%| F|  |TAMS 0x000000008f900000, 0x000000008f900000| Untracked 
| 250|0x000000008fa00000, 0x000000008fa00000, 0x000000008fb00000|  0%| F|  |TAMS 0x000000008fa00000, 0x000000008fa00000| Untracked 
| 251|0x000000008fb00000, 0x000000008fb251b8, 0x000000008fc00000| 14%| E|  |TAMS 0x000000008fb00000, 0x000000008fb00000| Complete 
| 252|0x000000008fc00000, 0x000000008fd00000, 0x000000008fd00000|100%| E|CS|TAMS 0x000000008fc00000, 0x000000008fc00000| Complete 
| 253|0x000000008fd00000, 0x000000008fe00000, 0x000000008fe00000|100%| E|CS|TAMS 0x000000008fd00000, 0x000000008fd00000| Complete 
| 254|0x000000008fe00000, 0x000000008ff00000, 0x000000008ff00000|100%| E|CS|TAMS 0x000000008fe00000, 0x000000008fe00000| Complete 
| 255|0x000000008ff00000, 0x0000000090000000, 0x0000000090000000|100%| E|CS|TAMS 0x000000008ff00000, 0x000000008ff00000| Complete 
| 256|0x0000000090000000, 0x0000000090100000, 0x0000000090100000|100%| E|CS|TAMS 0x0000000090000000, 0x0000000090000000| Complete 
| 257|0x0000000090100000, 0x0000000090200000, 0x0000000090200000|100%| E|CS|TAMS 0x0000000090100000, 0x0000000090100000| Complete 
| 258|0x0000000090200000, 0x0000000090300000, 0x0000000090300000|100%| E|CS|TAMS 0x0000000090200000, 0x0000000090200000| Complete 
| 259|0x0000000090300000, 0x0000000090400000, 0x0000000090400000|100%| E|CS|TAMS 0x0000000090300000, 0x0000000090300000| Complete 
| 260|0x0000000090400000, 0x0000000090500000, 0x0000000090500000|100%| E|CS|TAMS 0x0000000090400000, 0x0000000090400000| Complete 
| 261|0x0000000090500000, 0x0000000090600000, 0x0000000090600000|100%| E|CS|TAMS 0x0000000090500000, 0x0000000090500000| Complete 
| 262|0x0000000090600000, 0x0000000090700000, 0x0000000090700000|100%| E|CS|TAMS 0x0000000090600000, 0x0000000090600000| Complete 
| 263|0x0000000090700000, 0x0000000090800000, 0x0000000090800000|100%| E|CS|TAMS 0x0000000090700000, 0x0000000090700000| Complete 
| 264|0x0000000090800000, 0x0000000090900000, 0x0000000090900000|100%| E|CS|TAMS 0x0000000090800000, 0x0000000090800000| Complete 
| 265|0x0000000090900000, 0x0000000090a00000, 0x0000000090a00000|100%| E|CS|TAMS 0x0000000090900000, 0x0000000090900000| Complete 
| 266|0x0000000090a00000, 0x0000000090b00000, 0x0000000090b00000|100%| E|CS|TAMS 0x0000000090a00000, 0x0000000090a00000| Complete 
| 267|0x0000000090b00000, 0x0000000090c00000, 0x0000000090c00000|100%| E|CS|TAMS 0x0000000090b00000, 0x0000000090b00000| Complete 
| 268|0x0000000090c00000, 0x0000000090d00000, 0x0000000090d00000|100%| E|CS|TAMS 0x0000000090c00000, 0x0000000090c00000| Complete 
| 269|0x0000000090d00000, 0x0000000090e00000, 0x0000000090e00000|100%| E|CS|TAMS 0x0000000090d00000, 0x0000000090d00000| Complete 
| 270|0x0000000090e00000, 0x0000000090f00000, 0x0000000090f00000|100%| E|CS|TAMS 0x0000000090e00000, 0x0000000090e00000| Complete 
| 271|0x0000000090f00000, 0x0000000091000000, 0x0000000091000000|100%| E|CS|TAMS 0x0000000090f00000, 0x0000000090f00000| Complete 
| 272|0x0000000091000000, 0x0000000091100000, 0x0000000091100000|100%| E|  |TAMS 0x0000000091000000, 0x0000000091000000| Complete 
| 273|0x0000000091100000, 0x0000000091200000, 0x0000000091200000|100%| E|CS|TAMS 0x0000000091100000, 0x0000000091100000| Complete 
| 274|0x0000000091200000, 0x0000000091300000, 0x0000000091300000|100%| E|CS|TAMS 0x0000000091200000, 0x0000000091200000| Complete 
| 275|0x0000000091300000, 0x0000000091400000, 0x0000000091400000|100%| E|CS|TAMS 0x0000000091300000, 0x0000000091300000| Complete 
| 276|0x0000000091400000, 0x0000000091500000, 0x0000000091500000|100%| E|CS|TAMS 0x0000000091400000, 0x0000000091400000| Complete 

Card table byte_map: [0x0000021980b80000,0x0000021980f80000] _byte_map_base: 0x0000021980780000

Marking Bits (Prev, Next): (CMBitMap*) 0x00000219e941f9d0, (CMBitMap*) 0x00000219e941f990
 Prev Bits: [0x0000021983380000, 0x0000021985380000)
 Next Bits: [0x0000021981380000, 0x0000021983380000)

Polling page: 0x00000219e7330000

Metaspace:

Usage:
  Non-class:     98.42 MB used.
      Class:     15.43 MB used.
       Both:    113.84 MB used.

Virtual space:
  Non-class space:      128.00 MB reserved,      99.12 MB ( 77%) committed,  2 nodes.
      Class space:      416.00 MB reserved,      16.00 MB (  4%) committed,  1 nodes.
             Both:      544.00 MB reserved,     115.12 MB ( 21%) committed. 

Chunk freelists:
   Non-Class:  12.74 MB
       Class:  4.00 KB
        Both:  12.75 MB

MaxMetaspaceSize: 512.00 MB
CompressedClassSpaceSize: 416.00 MB
Initial GC threshold: 21.00 MB
Current GC threshold: 164.38 MB
CDS: on
MetaspaceReclaimPolicy: balanced
 - commit_granule_bytes: 65536.
 - commit_granule_words: 8192.
 - virtual_space_node_default_size: 8388608.
 - enlarge_chunks_in_place: 1.
 - new_chunks_are_fully_committed: 0.
 - uncommit_free_chunks: 1.
 - use_allocation_guard: 0.
 - handle_deallocations: 1.


Internal statistics:

num_allocs_failed_limit: 6.
num_arena_births: 1764.
num_arena_deaths: 0.
num_vsnodes_births: 3.
num_vsnodes_deaths: 0.
num_space_committed: 1840.
num_space_uncommitted: 0.
num_chunks_returned_to_freelist: 6.
num_chunks_taken_from_freelist: 6824.
num_chunk_merges: 6.
num_chunk_splits: 4311.
num_chunks_enlarged: 2639.
num_inconsistent_stats: 0.

CodeHeap 'non-profiled nmethods': size=119168Kb used=12076Kb max_used=13083Kb free=107091Kb
 bounds [0x00000219f8a50000, 0x00000219f9720000, 0x00000219ffeb0000]
CodeHeap 'profiled nmethods': size=119104Kb used=33143Kb max_used=33677Kb free=85961Kb
 bounds [0x00000219f0eb0000, 0x00000219f2fb0000, 0x00000219f8300000]
CodeHeap 'non-nmethods': size=7488Kb used=4144Kb max_used=4236Kb free=3343Kb
 bounds [0x00000219f8300000, 0x00000219f8730000, 0x00000219f8a50000]
 total_blobs=17784 nmethods=16788 adapters=903
 compilation: enabled
              stopped_count=0, restarted_count=0
 full_count=0

Compilation events (20 events):
Event: 3415.169 Thread 0x00000219ad57c6c0 nmethod 20317 0x00000219f9010210 code [0x00000219f90103e0, 0x00000219f9010b28]
Event: 3415.169 Thread 0x00000219ad57c6c0 20321   !   4       org.gradle.cache.internal.btree.BTreePersistentIndexedCache::get (57 bytes)
Event: 3415.177 Thread 0x00000219ad579c40 20324       3       org.gradle.internal.fingerprint.classpath.impl.ClasspathFingerprintingStrategy::collectFingerprints (41 bytes)
Event: 3415.177 Thread 0x00000219884de960 20325       3       org.gradle.internal.fingerprint.classpath.impl.ClasspathFingerprintingStrategy$ClasspathFingerprintingVisitor::<init> (20 bytes)
Event: 3415.178 Thread 0x00000219884de960 nmethod 20325 0x00000219f2d90310 code [0x00000219f2d904c0, 0x00000219f2d90738]
Event: 3415.179 Thread 0x00000219ad579c40 nmethod 20324 0x00000219f1e89910 code [0x00000219f1e89ba0, 0x00000219f1e8ac78]
Event: 3415.183 Thread 0x00000219884d3e90 nmethod 20282 0x00000219f94f2a10 code [0x00000219f94f2e80, 0x00000219f94f6e40]
Event: 3415.184 Thread 0x00000219884d3e90 20323       4       java.security.MessageDigest$Delegate::clone (51 bytes)
Event: 3415.185 Thread 0x00000219ad5791a0 nmethod 20318 0x00000219f8cd7790 code [0x00000219f8cd79e0, 0x00000219f8cd8900]
Event: 3415.186 Thread 0x00000219ad5791a0 20314       4       org.gradle.internal.component.model.DefaultComponentGraphResolveState$DefaultConfigurationGraphResolveState::prepareForArtifactResolution (13 bytes)
Event: 3415.221 Thread 0x00000219ad575c80 20326       3       org.gradle.internal.ImmutableActionSet::add (93 bytes)
Event: 3415.221 Thread 0x00000219ad5791a0 nmethod 20314 0x00000219f94f2190 code [0x00000219f94f2320, 0x00000219f94f2798]
Event: 3415.221 Thread 0x00000219884d3e90 nmethod 20323 0x00000219f9209810 code [0x00000219f92099c0, 0x00000219f920a298]
Event: 3415.221 Thread 0x00000219884de960 20327       3       java.lang.ThreadLocal::createMap (14 bytes)
Event: 3415.221 Thread 0x00000219ad5791a0 20286       4       org.gradle.internal.component.external.model.AbstractConfigurationMetadata::getVariants (35 bytes)
Event: 3415.221 Thread 0x00000219884d3e90 20311       4       com.google.common.collect.ImmutableMap::copyOf (58 bytes)
Event: 3415.221 Thread 0x00000219ad57c6c0 nmethod 20321 0x00000219f9152490 code [0x00000219f91526e0, 0x00000219f9153580]
Event: 3415.221 Thread 0x00000219884de960 nmethod 20327 0x00000219f2d8fc90 code [0x00000219f2d8fe40, 0x00000219f2d90048]
Event: 3415.222 Thread 0x00000219ad575c80 nmethod 20326 0x00000219f2b55590 code [0x00000219f2b557e0, 0x00000219f2b565f8]
Event: 3415.222 Thread 0x00000219ad57c6c0 20310       4       com.google.common.collect.ImmutableMap::copyOf (75 bytes)

GC Heap History (20 events):
Event: 23.850 GC heap before
{Heap before GC invocations=51 (full 0):
 garbage-first heap   total 283648K, used 250101K [0x0000000080000000, 0x0000000100000000)
  region size 1024K, 58 young (59392K), 5 survivors (5120K)
 Metaspace       used 104438K, committed 105600K, reserved 557056K
  class space    used 14493K, committed 15040K, reserved 425984K
}
Event: 23.855 GC heap after
{Heap after GC invocations=52 (full 0):
 garbage-first heap   total 283648K, used 189469K [0x0000000080000000, 0x0000000100000000)
  region size 1024K, 5 young (5120K), 5 survivors (5120K)
 Metaspace       used 104438K, committed 105600K, reserved 557056K
  class space    used 14493K, committed 15040K, reserved 425984K
}
Event: 24.191 GC heap before
{Heap before GC invocations=52 (full 0):
 garbage-first heap   total 283648K, used 242717K [0x0000000080000000, 0x0000000100000000)
  region size 1024K, 54 young (55296K), 5 survivors (5120K)
 Metaspace       used 104592K, committed 105856K, reserved 557056K
  class space    used 14507K, committed 15104K, reserved 425984K
}
Event: 24.195 GC heap after
{Heap after GC invocations=53 (full 0):
 garbage-first heap   total 283648K, used 193093K [0x0000000080000000, 0x0000000100000000)
  region size 1024K, 4 young (4096K), 4 survivors (4096K)
 Metaspace       used 104592K, committed 105856K, reserved 557056K
  class space    used 14507K, committed 15104K, reserved 425984K
}
Event: 24.597 GC heap before
{Heap before GC invocations=53 (full 0):
 garbage-first heap   total 283648K, used 245317K [0x0000000080000000, 0x0000000100000000)
  region size 1024K, 52 young (53248K), 4 survivors (4096K)
 Metaspace       used 104814K, committed 106048K, reserved 557056K
  class space    used 14541K, committed 15104K, reserved 425984K
}
Event: 24.601 GC heap after
{Heap after GC invocations=54 (full 0):
 garbage-first heap   total 283648K, used 196223K [0x0000000080000000, 0x0000000100000000)
  region size 1024K, 7 young (7168K), 7 survivors (7168K)
 Metaspace       used 104814K, committed 106048K, reserved 557056K
  class space    used 14541K, committed 15104K, reserved 425984K
}
Event: 24.816 GC heap before
{Heap before GC invocations=54 (full 0):
 garbage-first heap   total 283648K, used 246399K [0x0000000080000000, 0x0000000100000000)
  region size 1024K, 53 young (54272K), 7 survivors (7168K)
 Metaspace       used 104916K, committed 106176K, reserved 557056K
  class space    used 14549K, committed 15104K, reserved 425984K
}
Event: 24.821 GC heap after
{Heap after GC invocations=55 (full 0):
 garbage-first heap   total 283648K, used 199045K [0x0000000080000000, 0x0000000100000000)
  region size 1024K, 7 young (7168K), 7 survivors (7168K)
 Metaspace       used 104916K, committed 106176K, reserved 557056K
  class space    used 14549K, committed 15104K, reserved 425984K
}
Event: 25.011 GC heap before
{Heap before GC invocations=55 (full 0):
 garbage-first heap   total 283648K, used 246149K [0x0000000080000000, 0x0000000100000000)
  region size 1024K, 50 young (51200K), 7 survivors (7168K)
 Metaspace       used 104930K, committed 106176K, reserved 557056K
  class space    used 14550K, committed 15104K, reserved 425984K
}
Event: 25.015 GC heap after
{Heap after GC invocations=56 (full 0):
 garbage-first heap   total 283648K, used 201326K [0x0000000080000000, 0x0000000100000000)
  region size 1024K, 6 young (6144K), 6 survivors (6144K)
 Metaspace       used 104930K, committed 106176K, reserved 557056K
  class space    used 14550K, committed 15104K, reserved 425984K
}
Event: 25.261 GC heap before
{Heap before GC invocations=56 (full 0):
 garbage-first heap   total 283648K, used 247406K [0x0000000080000000, 0x0000000100000000)
  region size 1024K, 48 young (49152K), 6 survivors (6144K)
 Metaspace       used 104970K, committed 106304K, reserved 557056K
  class space    used 14555K, committed 15168K, reserved 425984K
}
Event: 25.265 GC heap after
{Heap after GC invocations=57 (full 0):
 garbage-first heap   total 283648K, used 203930K [0x0000000080000000, 0x0000000100000000)
  region size 1024K, 5 young (5120K), 5 survivors (5120K)
 Metaspace       used 104970K, committed 106304K, reserved 557056K
  class space    used 14555K, committed 15168K, reserved 425984K
}
Event: 32.291 GC heap before
{Heap before GC invocations=57 (full 0):
 garbage-first heap   total 283648K, used 244890K [0x0000000080000000, 0x0000000100000000)
  region size 1024K, 46 young (47104K), 5 survivors (5120K)
 Metaspace       used 107553K, committed 108864K, reserved 557056K
  class space    used 14871K, committed 15488K, reserved 425984K
}
Event: 32.296 GC heap after
{Heap after GC invocations=58 (full 0):
 garbage-first heap   total 283648K, used 207357K [0x0000000080000000, 0x0000000100000000)
  region size 1024K, 6 young (6144K), 6 survivors (6144K)
 Metaspace       used 107553K, committed 108864K, reserved 557056K
  class space    used 14871K, committed 15488K, reserved 425984K
}
Event: 487.516 GC heap before
{Heap before GC invocations=58 (full 0):
 garbage-first heap   total 283648K, used 245245K [0x0000000080000000, 0x0000000100000000)
  region size 1024K, 44 young (45056K), 6 survivors (6144K)
 Metaspace       used 110936K, committed 112256K, reserved 557056K
  class space    used 15130K, committed 15744K, reserved 425984K
}
Event: 487.523 GC heap after
{Heap after GC invocations=59 (full 0):
 garbage-first heap   total 283648K, used 207201K [0x0000000080000000, 0x0000000100000000)
  region size 1024K, 1 young (1024K), 1 survivors (1024K)
 Metaspace       used 110936K, committed 112256K, reserved 557056K
  class space    used 15130K, committed 15744K, reserved 425984K
}
Event: 2460.517 GC heap before
{Heap before GC invocations=59 (full 0):
 garbage-first heap   total 283648K, used 247137K [0x0000000080000000, 0x0000000100000000)
  region size 1024K, 40 young (40960K), 1 survivors (1024K)
 Metaspace       used 111084K, committed 112448K, reserved 557056K
  class space    used 15130K, committed 15744K, reserved 425984K
}
Event: 2460.523 GC heap after
{Heap after GC invocations=60 (full 0):
 garbage-first heap   total 283648K, used 207379K [0x0000000080000000, 0x0000000100000000)
  region size 1024K, 1 young (1024K), 1 survivors (1024K)
 Metaspace       used 111084K, committed 112448K, reserved 557056K
  class space    used 15130K, committed 15744K, reserved 425984K
}
Event: 3413.230 GC heap before
{Heap before GC invocations=60 (full 0):
 garbage-first heap   total 283648K, used 247315K [0x0000000080000000, 0x0000000100000000)
  region size 1024K, 41 young (41984K), 1 survivors (1024K)
 Metaspace       used 113947K, committed 115264K, reserved 557056K
  class space    used 15458K, committed 16064K, reserved 425984K
}
Event: 3413.237 GC heap after
{Heap after GC invocations=61 (full 0):
 garbage-first heap   total 283648K, used 210387K [0x0000000080000000, 0x0000000100000000)
  region size 1024K, 4 young (4096K), 4 survivors (4096K)
 Metaspace       used 113947K, committed 115264K, reserved 557056K
  class space    used 15458K, committed 16064K, reserved 425984K
}

Dll operation events (14 events):
Event: 0.016 Loaded shared library C:\Program Files\Microsoft\jdk-17.0.8.7-hotspot\bin\java.dll
Event: 0.071 Loaded shared library C:\Program Files\Microsoft\jdk-17.0.8.7-hotspot\bin\jsvml.dll
Event: 0.128 Loaded shared library C:\Program Files\Microsoft\jdk-17.0.8.7-hotspot\bin\zip.dll
Event: 0.132 Loaded shared library C:\Program Files\Microsoft\jdk-17.0.8.7-hotspot\bin\instrument.dll
Event: 0.137 Loaded shared library C:\Program Files\Microsoft\jdk-17.0.8.7-hotspot\bin\net.dll
Event: 0.139 Loaded shared library C:\Program Files\Microsoft\jdk-17.0.8.7-hotspot\bin\nio.dll
Event: 0.143 Loaded shared library C:\Program Files\Microsoft\jdk-17.0.8.7-hotspot\bin\zip.dll
Event: 0.341 Loaded shared library C:\Program Files\Microsoft\jdk-17.0.8.7-hotspot\bin\jimage.dll
Event: 0.400 Loaded shared library C:\Program Files\Microsoft\jdk-17.0.8.7-hotspot\bin\verify.dll
Event: 0.543 Loaded shared library C:\Users\nayan\.gradle\native\68d5fa5c4cc2d200863cafc0d521ce42e7d3e7ee720ec0a83991735586a16f82\windows-amd64\native-platform.dll
Event: 0.555 Loaded shared library C:\Users\nayan\.gradle\native\e376f236ea51e6404a007f0833ffe2c6e607c4080706a723a18a27aeea778392\windows-amd64\native-platform-file-events.dll
Event: 1.460 Loaded shared library C:\Program Files\Microsoft\jdk-17.0.8.7-hotspot\bin\management.dll
Event: 1.463 Loaded shared library C:\Program Files\Microsoft\jdk-17.0.8.7-hotspot\bin\management_ext.dll
Event: 1.908 Loaded shared library C:\Program Files\Microsoft\jdk-17.0.8.7-hotspot\bin\sunmscapi.dll

Deoptimization events (20 events):
Event: 3414.687 Thread 0x00000219b4704110 Uncommon trap: trap_request=0xffffff45 fr.pc=0x00000219f961062c relative=0x0000000000002a6c
Event: 3414.687 Thread 0x00000219b4704110 Uncommon trap: reason=unstable_if action=reinterpret pc=0x00000219f961062c method=org.gradle.internal.snapshot.impl.AbstractValueProcessor.processValue(Ljava/lang/Object;Lorg/gradle/internal/snapshot/impl/AbstractValueProcessor$ValueVisitor;)Ljava/lang/Ob
Event: 3414.687 Thread 0x00000219b4704110 DEOPT PACKING pc=0x00000219f961062c sp=0x0000008e9b1f9d70
Event: 3414.687 Thread 0x00000219b4704110 DEOPT UNPACKING pc=0x00000219f83569a3 sp=0x0000008e9b1f9d90 mode 2
Event: 3414.774 Thread 0x00000219b4704110 Uncommon trap: trap_request=0xffffffc6 fr.pc=0x00000219f95587ec relative=0x000000000000730c
Event: 3414.774 Thread 0x00000219b4704110 Uncommon trap: reason=bimorphic_or_optimized_type_check action=maybe_recompile pc=0x00000219f95587ec method=org.gradle.api.internal.artifacts.ivyservice.ivyresolve.RepositoryChainArtifactResolver.resolveArtifact(Lorg/gradle/internal/component/model/Compon
Event: 3414.774 Thread 0x00000219b4704110 DEOPT PACKING pc=0x00000219f95587ec sp=0x0000008e9b1f7e00
Event: 3414.774 Thread 0x00000219b4704110 DEOPT UNPACKING pc=0x00000219f83569a3 sp=0x0000008e9b1f7a78 mode 2
Event: 3414.807 Thread 0x00000219b4704110 Uncommon trap: trap_request=0xffffffde fr.pc=0x00000219f8e09308 relative=0x0000000000000648
Event: 3414.807 Thread 0x00000219b4704110 Uncommon trap: reason=class_check action=maybe_recompile pc=0x00000219f8e09308 method=java.lang.AbstractStringBuilder.<init>(Ljava/lang/String;)V @ 58 c2
Event: 3414.808 Thread 0x00000219b4704110 DEOPT PACKING pc=0x00000219f8e09308 sp=0x0000008e9b1f5d90
Event: 3414.808 Thread 0x00000219b4704110 DEOPT UNPACKING pc=0x00000219f83569a3 sp=0x0000008e9b1f5d70 mode 2
Event: 3414.826 Thread 0x00000219b4704110 Uncommon trap: trap_request=0xffffff45 fr.pc=0x00000219f8c51e34 relative=0x0000000000000194
Event: 3414.827 Thread 0x00000219b4704110 Uncommon trap: reason=unstable_if action=reinterpret pc=0x00000219f8c51e34 method=java.nio.Buffer.<init>(IIIILjdk/internal/access/foreign/MemorySegmentProxy;)V @ 50 c2
Event: 3414.827 Thread 0x00000219b4704110 DEOPT PACKING pc=0x00000219f8c51e34 sp=0x0000008e9b1f5af0
Event: 3414.827 Thread 0x00000219b4704110 DEOPT UNPACKING pc=0x00000219f83569a3 sp=0x0000008e9b1f5ac0 mode 2
Event: 3415.136 Thread 0x00000219b4704110 Uncommon trap: trap_request=0xffffffc6 fr.pc=0x00000219f95587ec relative=0x000000000000730c
Event: 3415.136 Thread 0x00000219b4704110 Uncommon trap: reason=bimorphic_or_optimized_type_check action=maybe_recompile pc=0x00000219f95587ec method=org.gradle.api.internal.artifacts.ivyservice.ivyresolve.RepositoryChainArtifactResolver.resolveArtifact(Lorg/gradle/internal/component/model/Compon
Event: 3415.136 Thread 0x00000219b4704110 DEOPT PACKING pc=0x00000219f95587ec sp=0x0000008e9b1f8470
Event: 3415.136 Thread 0x00000219b4704110 DEOPT UNPACKING pc=0x00000219f83569a3 sp=0x0000008e9b1f80e8 mode 2

Classes unloaded (0 events):
No events

Classes redefined (0 events):
No events

Internal exceptions (20 events):
Event: 32.351 Thread 0x00000219885fba80 Implicit null exception at 0x00000219f90496d4 to 0x00000219f904980c
Event: 3408.244 Thread 0x00000219b4704110 Implicit null exception at 0x00000219f95d791b to 0x00000219f95d7ca4
Event: 3408.245 Thread 0x00000219b4704110 Implicit null exception at 0x00000219f95a2682 to 0x00000219f95a3934
Event: 3408.245 Thread 0x00000219b4704110 Implicit null exception at 0x00000219f904a48f to 0x00000219f904a4dc
Event: 3408.246 Thread 0x00000219b4704110 Implicit null exception at 0x00000219f9676b89 to 0x00000219f9679ea8
Event: 3408.352 Thread 0x00000219b4704110 Exception <a 'sun/nio/fs/WindowsException'{0x000000008fe73a10}> (0x000000008fe73a10) 
thrown [s\src\hotspot\share\prims\jni.cpp, line 516]
Event: 3408.355 Thread 0x00000219b4704110 Exception <a 'sun/nio/fs/WindowsException'{0x000000008fe74f88}> (0x000000008fe74f88) 
thrown [s\src\hotspot\share\prims\jni.cpp, line 516]
Event: 3408.356 Thread 0x00000219b4704110 Exception <a 'sun/nio/fs/WindowsException'{0x000000008fe76500}> (0x000000008fe76500) 
thrown [s\src\hotspot\share\prims\jni.cpp, line 516]
Event: 3408.356 Thread 0x00000219b4704110 Exception <a 'sun/nio/fs/WindowsException'{0x000000008fe77cb0}> (0x000000008fe77cb0) 
thrown [s\src\hotspot\share\prims\jni.cpp, line 516]
Event: 3411.649 Thread 0x00000219b4704110 Exception <a 'sun/nio/fs/WindowsException'{0x000000008fdd97f8}> (0x000000008fdd97f8) 
thrown [s\src\hotspot\share\prims\jni.cpp, line 516]
Event: 3411.651 Thread 0x00000219b4704110 Exception <a 'sun/nio/fs/WindowsException'{0x000000008fddb018}> (0x000000008fddb018) 
thrown [s\src\hotspot\share\prims\jni.cpp, line 516]
Event: 3411.652 Thread 0x00000219b4704110 Exception <a 'sun/nio/fs/WindowsException'{0x000000008fddcab0}> (0x000000008fddcab0) 
thrown [s\src\hotspot\share\prims\jni.cpp, line 516]
Event: 3411.653 Thread 0x00000219b4704110 Exception <a 'sun/nio/fs/WindowsException'{0x000000008fdde2b0}> (0x000000008fdde2b0) 
thrown [s\src\hotspot\share\prims\jni.cpp, line 516]
Event: 3412.170 Thread 0x00000219b4704110 Exception <a 'sun/nio/fs/WindowsException'{0x000000008fa7b148}> (0x000000008fa7b148) 
thrown [s\src\hotspot\share\prims\jni.cpp, line 516]
Event: 3414.645 Thread 0x00000219b4704110 Exception <a 'sun/nio/fs/WindowsException'{0x00000000901254b8}> (0x00000000901254b8) 
thrown [s\src\hotspot\share\prims\jni.cpp, line 516]
Event: 3414.645 Thread 0x00000219b4704110 Exception <a 'sun/nio/fs/WindowsException'{0x00000000901257a8}> (0x00000000901257a8) 
thrown [s\src\hotspot\share\prims\jni.cpp, line 516]
Event: 3414.645 Thread 0x00000219b4704110 Exception <a 'sun/nio/fs/WindowsException'{0x00000000901284f8}> (0x00000000901284f8) 
thrown [s\src\hotspot\share\prims\jni.cpp, line 516]
Event: 3414.645 Thread 0x00000219b4704110 Exception <a 'sun/nio/fs/WindowsException'{0x00000000901288d8}> (0x00000000901288d8) 
thrown [s\src\hotspot\share\prims\jni.cpp, line 516]
Event: 3414.646 Thread 0x00000219b4704110 Exception <a 'sun/nio/fs/WindowsException'{0x000000009012d8a0}> (0x000000009012d8a0) 
thrown [s\src\hotspot\share\prims\jni.cpp, line 516]
Event: 3414.646 Thread 0x00000219b4704110 Exception <a 'sun/nio/fs/WindowsException'{0x000000009012dc80}> (0x000000009012dc80) 
thrown [s\src\hotspot\share\prims\jni.cpp, line 516]

VM Operations (20 events):
Event: 3412.318 Executing VM operation: HandshakeAllThreads
Event: 3412.318 Executing VM operation: HandshakeAllThreads done
Event: 3412.325 Executing VM operation: HandshakeAllThreads
Event: 3412.325 Executing VM operation: HandshakeAllThreads done
Event: 3412.465 Executing VM operation: HandshakeAllThreads
Event: 3412.473 Executing VM operation: HandshakeAllThreads done
Event: 3413.007 Executing VM operation: HandshakeAllThreads
Event: 3413.007 Executing VM operation: HandshakeAllThreads done
Event: 3413.156 Executing VM operation: HandshakeAllThreads
Event: 3413.156 Executing VM operation: HandshakeAllThreads done
Event: 3413.156 Executing VM operation: Cleanup
Event: 3413.157 Executing VM operation: Cleanup done
Event: 3413.229 Executing VM operation: G1CollectForAllocation
Event: 3413.237 Executing VM operation: G1CollectForAllocation done
Event: 3413.568 Executing VM operation: HandshakeAllThreads
Event: 3413.569 Executing VM operation: HandshakeAllThreads done
Event: 3414.573 Executing VM operation: Cleanup
Event: 3414.573 Executing VM operation: Cleanup done
Event: 3414.847 Executing VM operation: HandshakeAllThreads
Event: 3414.848 Executing VM operation: HandshakeAllThreads done

Events (20 events):
Event: 3414.946 Thread 0x00000219ad579c40 Thread added: 0x00000219ad579c40
Event: 3415.134 Thread 0x00000219ad5761d0 Thread added: 0x00000219ad5761d0
Event: 3415.137 Thread 0x00000219b4709c30 Thread added: 0x00000219b4709c30
Event: 3415.138 Thread 0x00000219b4706990 Thread added: 0x00000219b4706990
Event: 3415.138 Thread 0x00000219b470a140 Thread added: 0x00000219b470a140
Event: 3415.138 Thread 0x00000219b4702cd0 Thread added: 0x00000219b4702cd0
Event: 3415.138 Thread 0x00000219b470a650 Thread added: 0x00000219b470a650
Event: 3415.138 Thread 0x00000219b4705550 Thread added: 0x00000219b4705550
Event: 3415.139 Thread 0x00000219b47031e0 Thread added: 0x00000219b47031e0
Event: 3415.139 Thread 0x00000219b470ab60 Thread added: 0x00000219b470ab60
Event: 3415.139 Thread 0x00000219b47036f0 Thread added: 0x00000219b47036f0
Event: 3415.139 Thread 0x00000219b470ed30 Thread added: 0x00000219b470ed30
Event: 3415.139 Thread 0x00000219b470ced0 Thread added: 0x00000219b470ced0
Event: 3415.139 Thread 0x00000219b470e310 Thread added: 0x00000219b470e310
Event: 3415.139 Thread 0x00000219b470d3e0 Thread added: 0x00000219b470d3e0
Event: 3415.140 Thread 0x00000219b470b070 Thread added: 0x00000219b470b070
Event: 3415.140 Thread 0x00000219b470b580 Thread added: 0x00000219b470b580
Event: 3415.152 Thread 0x00000219ad5781b0 Thread added: 0x00000219ad5781b0
Event: 3415.152 Thread 0x00000219ad57c6c0 Thread added: 0x00000219ad57c6c0
Event: 3415.153 Thread 0x00000219ad5791a0 Thread added: 0x00000219ad5791a0


Dynamic libraries:
0x00007ff62a9d0000 - 0x00007ff62a9de000 	C:\Program Files\Microsoft\jdk-17.0.8.7-hotspot\bin\java.exe
0x00007ff8bda70000 - 0x00007ff8bdc86000 	C:\WINDOWS\SYSTEM32\ntdll.dll
0x00007ff8bb7c0000 - 0x00007ff8bb884000 	C:\WINDOWS\System32\KERNEL32.DLL
0x00007ff8bade0000 - 0x00007ff8bb186000 	C:\WINDOWS\System32\KERNELBASE.dll
0x00007ff8bb2b0000 - 0x00007ff8bb3c1000 	C:\WINDOWS\System32\ucrtbase.dll
0x00007ff81c510000 - 0x00007ff81c527000 	C:\Program Files\Microsoft\jdk-17.0.8.7-hotspot\bin\jli.dll
0x00007ff81c4f0000 - 0x00007ff81c50b000 	C:\Program Files\Microsoft\jdk-17.0.8.7-hotspot\bin\VCRUNTIME140.dll
0x00007ff8bd600000 - 0x00007ff8bd7ad000 	C:\WINDOWS\System32\USER32.dll
0x00007ff89b9a0000 - 0x00007ff89bc33000 	C:\WINDOWS\WinSxS\amd64_microsoft.windows.common-controls_6595b64144ccf1df_6.0.22621.3235_none_270f74e173860f98\COMCTL32.dll
0x00007ff8badb0000 - 0x00007ff8badd6000 	C:\WINDOWS\System32\win32u.dll
0x00007ff8bd810000 - 0x00007ff8bd839000 	C:\WINDOWS\System32\GDI32.dll
0x00007ff8bbe50000 - 0x00007ff8bbef7000 	C:\WINDOWS\System32\msvcrt.dll
0x00007ff8bb190000 - 0x00007ff8bb2a8000 	C:\WINDOWS\System32\gdi32full.dll
0x00007ff8bb720000 - 0x00007ff8bb7ba000 	C:\WINDOWS\System32\msvcp_win.dll
0x00007ff8bd9f0000 - 0x00007ff8bda21000 	C:\WINDOWS\System32\IMM32.DLL
0x00007ff81c4e0000 - 0x00007ff81c4ec000 	C:\Program Files\Microsoft\jdk-17.0.8.7-hotspot\bin\vcruntime140_1.dll
0x00007ff809960000 - 0x00007ff8099ed000 	C:\Program Files\Microsoft\jdk-17.0.8.7-hotspot\bin\msvcp140.dll
0x00007ff808840000 - 0x00007ff8094a5000 	C:\Program Files\Microsoft\jdk-17.0.8.7-hotspot\bin\server\jvm.dll
0x00007ff8bbd90000 - 0x00007ff8bbe42000 	C:\WINDOWS\System32\ADVAPI32.dll
0x00007ff8bd940000 - 0x00007ff8bd9e8000 	C:\WINDOWS\System32\sechost.dll
0x00007ff8bb500000 - 0x00007ff8bb528000 	C:\WINDOWS\System32\bcrypt.dll
0x00007ff8bc980000 - 0x00007ff8bca95000 	C:\WINDOWS\System32\RPCRT4.dll
0x00007ff891340000 - 0x00007ff891349000 	C:\WINDOWS\SYSTEM32\WSOCK32.dll
0x00007ff8babd0000 - 0x00007ff8bac1d000 	C:\WINDOWS\SYSTEM32\POWRPROF.dll
0x00007ff8bc8d0000 - 0x00007ff8bc941000 	C:\WINDOWS\System32\WS2_32.dll
0x00007ff8aea70000 - 0x00007ff8aeaa4000 	C:\WINDOWS\SYSTEM32\WINMM.dll
0x00007ff8ac2c0000 - 0x00007ff8ac2ca000 	C:\WINDOWS\SYSTEM32\VERSION.dll
0x00007ff8baab0000 - 0x00007ff8baac3000 	C:\WINDOWS\SYSTEM32\UMPDC.dll
0x00007ff8b9dc0000 - 0x00007ff8b9dd8000 	C:\WINDOWS\SYSTEM32\kernel.appcore.dll
0x00007ff81c4d0000 - 0x00007ff81c4da000 	C:\Program Files\Microsoft\jdk-17.0.8.7-hotspot\bin\jimage.dll
0x00007ff8b8530000 - 0x00007ff8b8763000 	C:\WINDOWS\SYSTEM32\DBGHELP.DLL
0x00007ff8bc4b0000 - 0x00007ff8bc838000 	C:\WINDOWS\System32\combase.dll
0x00007ff8bcc70000 - 0x00007ff8bcd47000 	C:\WINDOWS\System32\OLEAUT32.dll
0x00007ff88bcd0000 - 0x00007ff88bd02000 	C:\WINDOWS\SYSTEM32\dbgcore.DLL
0x00007ff8bb6a0000 - 0x00007ff8bb71a000 	C:\WINDOWS\System32\bcryptPrimitives.dll
0x00007ff808720000 - 0x00007ff80872e000 	C:\Program Files\Microsoft\jdk-17.0.8.7-hotspot\bin\instrument.dll
0x00007ff809930000 - 0x00007ff809955000 	C:\Program Files\Microsoft\jdk-17.0.8.7-hotspot\bin\java.dll
0x00007ff808760000 - 0x00007ff808837000 	C:\Program Files\Microsoft\jdk-17.0.8.7-hotspot\bin\jsvml.dll
0x00007ff8bcd50000 - 0x00007ff8bd5ac000 	C:\WINDOWS\System32\SHELL32.dll
0x00007ff8b8cc0000 - 0x00007ff8b95b8000 	C:\WINDOWS\SYSTEM32\windows.storage.dll
0x00007ff8b8b80000 - 0x00007ff8b8cbe000 	C:\WINDOWS\SYSTEM32\wintypes.dll
0x00007ff8bd840000 - 0x00007ff8bd933000 	C:\WINDOWS\System32\SHCORE.dll
0x00007ff8bd7b0000 - 0x00007ff8bd80e000 	C:\WINDOWS\System32\shlwapi.dll
0x00007ff8bace0000 - 0x00007ff8bad06000 	C:\WINDOWS\SYSTEM32\profapi.dll
0x00007ff8098d0000 - 0x00007ff8098e8000 	C:\Program Files\Microsoft\jdk-17.0.8.7-hotspot\bin\zip.dll
0x00007ff809910000 - 0x00007ff809929000 	C:\Program Files\Microsoft\jdk-17.0.8.7-hotspot\bin\net.dll
0x00007ff8b0e20000 - 0x00007ff8b0f57000 	C:\WINDOWS\SYSTEM32\WINHTTP.dll
0x00007ff8ba230000 - 0x00007ff8ba299000 	C:\WINDOWS\system32\mswsock.dll
0x00007ff8098f0000 - 0x00007ff809906000 	C:\Program Files\Microsoft\jdk-17.0.8.7-hotspot\bin\nio.dll
0x00007ff81c4c0000 - 0x00007ff81c4d0000 	C:\Program Files\Microsoft\jdk-17.0.8.7-hotspot\bin\verify.dll
0x00007ff808730000 - 0x00007ff808757000 	C:\Users\nayan\.gradle\native\68d5fa5c4cc2d200863cafc0d521ce42e7d3e7ee720ec0a83991735586a16f82\windows-amd64\native-platform.dll
0x00007ff8085d0000 - 0x00007ff808714000 	C:\Users\nayan\.gradle\native\e376f236ea51e6404a007f0833ffe2c6e607c4080706a723a18a27aeea778392\windows-amd64\native-platform-file-events.dll
0x00007ff8117e0000 - 0x00007ff8117e9000 	C:\Program Files\Microsoft\jdk-17.0.8.7-hotspot\bin\management.dll
0x00007ff8098c0000 - 0x00007ff8098cb000 	C:\Program Files\Microsoft\jdk-17.0.8.7-hotspot\bin\management_ext.dll
0x00007ff8bcaa0000 - 0x00007ff8bcaa8000 	C:\WINDOWS\System32\PSAPI.DLL
0x00007ff8ba4a0000 - 0x00007ff8ba4bb000 	C:\WINDOWS\SYSTEM32\CRYPTSP.dll
0x00007ff8b9d10000 - 0x00007ff8b9d45000 	C:\WINDOWS\system32\rsaenh.dll
0x00007ff8ba340000 - 0x00007ff8ba36c000 	C:\WINDOWS\SYSTEM32\USERENV.dll
0x00007ff8ba4c0000 - 0x00007ff8ba4cc000 	C:\WINDOWS\SYSTEM32\CRYPTBASE.dll
0x00007ff8b9860000 - 0x00007ff8b988d000 	C:\WINDOWS\SYSTEM32\IPHLPAPI.DLL
0x00007ff8bc3f0000 - 0x00007ff8bc3f9000 	C:\WINDOWS\System32\NSI.dll
0x00007ff8b3980000 - 0x00007ff8b3999000 	C:\WINDOWS\SYSTEM32\dhcpcsvc6.DLL
0x00007ff8b0cb0000 - 0x00007ff8b0ccf000 	C:\WINDOWS\SYSTEM32\dhcpcsvc.DLL
0x00007ff8b9890000 - 0x00007ff8b9989000 	C:\WINDOWS\SYSTEM32\DNSAPI.dll
0x00007ff8084b0000 - 0x00007ff8084be000 	C:\Program Files\Microsoft\jdk-17.0.8.7-hotspot\bin\sunmscapi.dll
0x00007ff8bb530000 - 0x00007ff8bb696000 	C:\WINDOWS\System32\CRYPT32.dll
0x00007ff8ba680000 - 0x00007ff8ba6ae000 	C:\WINDOWS\SYSTEM32\ncrypt.dll
0x00007ff8ba640000 - 0x00007ff8ba677000 	C:\WINDOWS\SYSTEM32\NTASN1.dll
0x00007ff8955e0000 - 0x00007ff8955e8000 	C:\WINDOWS\system32\wshunix.dll
0x00007ff8880d0000 - 0x00007ff8880e7000 	C:\WINDOWS\system32\napinsp.dll
0x00007ff8880b0000 - 0x00007ff8880cb000 	C:\WINDOWS\system32\pnrpnsp.dll
0x00007ff888090000 - 0x00007ff8880a1000 	C:\WINDOWS\System32\winrnr.dll
0x00007ff8aeaf0000 - 0x00007ff8aeb05000 	C:\WINDOWS\system32\wshbth.dll
0x00007ff883bf0000 - 0x00007ff883c11000 	C:\WINDOWS\system32\nlansp_c.dll
0x000000006e1e0000 - 0x000000006e215000 	C:\Program Files\Bonjour\mdnsNSP.dll
0x00007ff8aca70000 - 0x00007ff8aca7a000 	C:\Windows\System32\rasadhlp.dll
0x00007ff8ae9e0000 - 0x00007ff8aea63000 	C:\WINDOWS\System32\fwpuclnt.dll

dbghelp: loaded successfully - version: 4.0.5 - missing functions: none
symbol engine: initialized successfully - sym options: 0x614 - pdb path: .;C:\Program Files\Microsoft\jdk-17.0.8.7-hotspot\bin;C:\WINDOWS\SYSTEM32;C:\WINDOWS\WinSxS\amd64_microsoft.windows.common-controls_6595b64144ccf1df_6.0.22621.3235_none_270f74e173860f98;C:\Program Files\Microsoft\jdk-17.0.8.7-hotspot\bin\server;C:\Users\nayan\.gradle\native\68d5fa5c4cc2d200863cafc0d521ce42e7d3e7ee720ec0a83991735586a16f82\windows-amd64;C:\Users\nayan\.gradle\native\e376f236ea51e6404a007f0833ffe2c6e607c4080706a723a18a27aeea778392\windows-amd64;C:\Program Files\Bonjour

VM Arguments:
jvm_args: -XX:MaxMetaspaceSize=512m --add-opens=java.base/java.util=ALL-UNNAMED --add-opens=java.base/java.lang=ALL-UNNAMED --add-opens=java.base/java.lang.invoke=ALL-UNNAMED --add-opens=java.prefs/java.util.prefs=ALL-UNNAMED --add-opens=java.base/java.nio.charset=ALL-UNNAMED --add-opens=java.base/java.net=ALL-UNNAMED --add-opens=java.base/java.util.concurrent.atomic=ALL-UNNAMED -Xmx2048m -Dfile.encoding=windows-1252 -Duser.country=IN -Duser.language=en -Duser.variant -javaagent:C:\Users\nayan\.gradle\wrapper\dists\gradle-8.3-all\6en3ugtfdg5xnpx44z4qbwgas\gradle-8.3\lib\agents\gradle-instrumentation-agent-8.3.jar 
java_command: org.gradle.launcher.daemon.bootstrap.GradleDaemon 8.3
java_class_path (initial): C:\Users\nayan\.gradle\wrapper\dists\gradle-8.3-all\6en3ugtfdg5xnpx44z4qbwgas\gradle-8.3\lib\gradle-launcher-8.3.jar
Launcher Type: SUN_STANDARD

[Global flags]
     intx CICompilerCount                          = 12                                        {product} {ergonomic}
   size_t CompressedClassSpaceSize                 = 436207616                                 {product} {ergonomic}
     uint ConcGCThreads                            = 3                                         {product} {ergonomic}
     uint G1ConcRefinementThreads                  = 13                                        {product} {ergonomic}
   size_t G1HeapRegionSize                         = 1048576                                   {product} {ergonomic}
    uintx GCDrainStackTargetSize                   = 64                                        {product} {ergonomic}
   size_t InitialHeapSize                          = 264241152                                 {product} {ergonomic}
   size_t MarkStackSize                            = 4194304                                   {product} {ergonomic}
   size_t MaxHeapSize                              = 2147483648                                {product} {command line}
   size_t MaxMetaspaceSize                         = 536870912                                 {product} {command line}
   size_t MaxNewSize                               = 1287651328                                {product} {ergonomic}
   size_t MinHeapDeltaBytes                        = 1048576                                   {product} {ergonomic}
   size_t MinHeapSize                              = 8388608                                   {product} {ergonomic}
    uintx NonNMethodCodeHeapSize                   = 7602480                                {pd product} {ergonomic}
    uintx NonProfiledCodeHeapSize                  = 122027880                              {pd product} {ergonomic}
    uintx ProfiledCodeHeapSize                     = 122027880                              {pd product} {ergonomic}
    uintx ReservedCodeCacheSize                    = 251658240                              {pd product} {ergonomic}
     bool SegmentedCodeCache                       = true                                      {product} {ergonomic}
   size_t SoftMaxHeapSize                          = 2147483648                             {manageable} {ergonomic}
     bool UseCompressedClassPointers               = true                           {product lp64_product} {ergonomic}
     bool UseCompressedOops                        = true                           {product lp64_product} {ergonomic}
     bool UseG1GC                                  = true                                      {product} {ergonomic}
     bool UseLargePagesIndividualAllocation        = false                                  {pd product} {ergonomic}

Logging:
Log output configuration:
 #0: stdout all=warning uptime,level,tags
 #1: stderr all=off uptime,level,tags

Environment Variables:
JAVA_HOME=C:\Program Files\Microsoft\jdk-17.0.8.7-hotspot\
CLASSPATH=C:\Users\nayan\OneDrive\Desktop\Soulside\android\\gradle\wrapper\gradle-wrapper.jar
PATH=C:\Users\nayan\OneDrive\Desktop\Soulside\node_modules\.bin;C:\Users\nayan\OneDrive\Desktop\Soulside\node_modules\.bin;C:\Users\nayan\OneDrive\Desktop\node_modules\.bin;C:\Users\nayan\OneDrive\node_modules\.bin;C:\Users\nayan\node_modules\.bin;C:\Users\node_modules\.bin;C:\node_modules\.bin;C:\Users\nayan\AppData\Roaming\npm\node_modules\npm\node_modules\@npmcli\run-script\lib\node-gyp-bin;C:\Users\nayan\OneDrive\Desktop\Soulside\node_modules\.bin;C:\Users\nayan\OneDrive\Desktop\Soulside\node_modules\.bin;C:\Users\nayan\OneDrive\Desktop\node_modules\.bin;C:\Users\nayan\OneDrive\node_modules\.bin;C:\Users\nayan\node_modules\.bin;C:\Users\node_modules\.bin;C:\node_modules\.bin;C:\Users\nayan\AppData\Roaming\npm\node_modules\npm\node_modules\@npmcli\run-script\lib\node-gyp-bin;C:\Program Files\Microsoft\jdk-17.0.8.7-hotspot\bin;C:\WINDOWS\system32;C:\WINDOWS;C:\WINDOWS\System32\Wbem;C:\WINDOWS\System32\WindowsPowerShell\v1.0\;C:\ProgramData\chocolatey\bin;C:\Program Files\nodejs\;C:\Program Files\Git\cmd;C:\WINDOWS\System32\OpenSSH\;C:\Users\nayan\AppData\Local\Android\Sdk\tools;C:\Users\nayan\AppData\Local\Microsoft\WindowsApps;C:\Users\nayan\AppData\Roaming\npm;C:\Users\nayan\AppData\Local\Android\Sdk;C:\Users\nayan\AppData\Local\Android\Sdk\platform-tools;;C:\Users\nayan\AppData\Local\Programs\Microsoft VS Code\bin
USERNAME=nayan
LANG=en_US.UTF-8
OS=Windows_NT
PROCESSOR_IDENTIFIER=Intel64 Family 6 Model 154 Stepping 3, GenuineIntel
TMP=C:\Users\nayan\AppData\Local\Temp
TEMP=C:\Users\nayan\AppData\Local\Temp



---------------  S Y S T E M  ---------------

OS:
 Windows 11 , 64 bit Build 22621 (10.0.22621.3235)
OS uptime: 0 days 17:14 hours
Hyper-V role detected

CPU: total 16 (initial active 16) (8 cores per cpu, 2 threads per core) family 6 model 154 stepping 3 microcode 0x42c, cx8, cmov, fxsr, ht, mmx, 3dnowpref, sse, sse2, sse3, ssse3, sse4.1, sse4.2, popcnt, lzcnt, tsc, tscinvbit, avx, avx2, aes, erms, clmul, bmi1, bmi2, adx, sha, fma, vzeroupper, clflush, clflushopt, clwb, hv
Processor Information for processor 0
  Max Mhz: 1700, Current Mhz: 1700, Mhz Limit: 1700
Processor Information for processor 1
  Max Mhz: 1700, Current Mhz: 1700, Mhz Limit: 1700
Processor Information for processor 2
  Max Mhz: 1700, Current Mhz: 1700, Mhz Limit: 1700
Processor Information for processor 3
  Max Mhz: 1700, Current Mhz: 1700, Mhz Limit: 1700
Processor Information for processor 4
  Max Mhz: 1700, Current Mhz: 1700, Mhz Limit: 1700
Processor Information for processor 5
  Max Mhz: 1700, Current Mhz: 1700, Mhz Limit: 1700
Processor Information for processor 6
  Max Mhz: 1700, Current Mhz: 1700, Mhz Limit: 1700
Processor Information for processor 7
  Max Mhz: 1700, Current Mhz: 1700, Mhz Limit: 1700
Processor Information for processor 8
  Max Mhz: 1700, Current Mhz: 1200, Mhz Limit: 1190
Processor Information for processor 9
  Max Mhz: 1700, Current Mhz: 1200, Mhz Limit: 1190
Processor Information for processor 10
  Max Mhz: 1700, Current Mhz: 1200, Mhz Limit: 1190
Processor Information for processor 11
  Max Mhz: 1700, Current Mhz: 1200, Mhz Limit: 1190
Processor Information for processor 12
  Max Mhz: 1700, Current Mhz: 1200, Mhz Limit: 1190
Processor Information for processor 13
  Max Mhz: 1700, Current Mhz: 1200, Mhz Limit: 1190
Processor Information for processor 14
  Max Mhz: 1700, Current Mhz: 1200, Mhz Limit: 1190
Processor Information for processor 15
  Max Mhz: 1700, Current Mhz: 1200, Mhz Limit: 1190

Memory: 4k page, system-wide physical 16052M (2578M free)
TotalPageFile size 20404M (AvailPageFile size 5182M)
current process WorkingSet (physical memory assigned to process): 346M, peak: 721M
current process commit charge ("private bytes"): 722M, peak: 785M

vm_info: OpenJDK 64-Bit Server VM (17.0.8+7-LTS) for windows-amd64 JRE (17.0.8+7-LTS), built on Jul  7 2023 17:21:55 by "MicrosoftCorporation" with MS VC++ 16.10 / 16.11 (VS2019)

END.
